Lagrange multipliers initialized from zero
Optimizing 67 data and 400 samples. Theta=1.000000 
CHI2 before optimization:  25.7619 
Execution time: 0.00 seconds
Minimization using L-BFGS-B successful (iterations:11)
CHI2 after optimization:  25.0366 
Fraction of effective frames:   0.0314 
Warm start
Optimizing 67 data and 400 samples. Theta=1.497487 
CHI2 before optimization:  25.7619 
Execution time: 0.00 seconds
Minimization using L-BFGS-B successful (iterations:10)
CHI2 after optimization:  25.0574 
Fraction of effective frames:   0.0549 
Warm start
Optimizing 67 data and 400 samples. Theta=1.994975 
CHI2 before optimization:  25.7619 
Execution time: 0.01 seconds
Minimization using L-BFGS-B successful (iterations:9)
CHI2 after optimization:  25.0793 
Fraction of effective frames:   0.0838 
Warm start
Optimizing 67 data and 400 samples. Theta=2.492462 
CHI2 before optimization:  25.7619 
Execution time: 0.00 seconds
Minimization using L-BFGS-B successful (iterations:9)
CHI2 after optimization:  25.1003 
Fraction of effective frames:   0.1148 
Warm start
Optimizing 67 data and 400 samples. Theta=2.989950 
CHI2 before optimization:  25.7619 
Execution time: 0.00 seconds
Minimization using L-BFGS-B successful (iterations:8)
CHI2 after optimization:  25.1203 
Fraction of effective frames:   0.1468 
Warm start
Optimizing 67 data and 400 samples. Theta=3.487437 
CHI2 before optimization:  25.7619 
Execution time: 0.00 seconds
Minimization using L-BFGS-B successful (iterations:8)
CHI2 after optimization:  25.1396 
Fraction of effective frames:   0.1794 
Warm start
Optimizing 67 data and 400 samples. Theta=3.984925 
CHI2 before optimization:  25.7619 
Execution time: 0.00 seconds
Minimization using L-BFGS-B successful (iterations:8)
CHI2 after optimization:  25.1586 
Fraction of effective frames:   0.2127 
Warm start
Optimizing 67 data and 400 samples. Theta=4.482412 
CHI2 before optimization:  25.7619 
Execution time: 0.00 seconds
Minimization using L-BFGS-B successful (iterations:8)
CHI2 after optimization:  25.1772 
Fraction of effective frames:   0.2465 
Warm start
Optimizing 67 data and 400 samples. Theta=4.979899 
CHI2 before optimization:  25.7619 
Execution time: 0.00 seconds
Minimization using L-BFGS-B successful (iterations:8)
CHI2 after optimization:  25.1954 
Fraction of effective frames:   0.2805 
Warm start
Optimizing 67 data and 400 samples. Theta=5.477387 
CHI2 before optimization:  25.7619 
Execution time: 0.00 seconds
Minimization using L-BFGS-B successful (iterations:8)
CHI2 after optimization:  25.2132 
Fraction of effective frames:   0.3143 
Warm start
Optimizing 67 data and 400 samples. Theta=5.974874 
CHI2 before optimization:  25.7619 
Execution time: 0.00 seconds
Minimization using L-BFGS-B successful (iterations:7)
CHI2 after optimization:  25.2304 
Fraction of effective frames:   0.3476 
Warm start
Optimizing 67 data and 400 samples. Theta=6.472362 
CHI2 before optimization:  25.7619 
Execution time: 0.00 seconds
Minimization using L-BFGS-B successful (iterations:7)
CHI2 after optimization:  25.2469 
Fraction of effective frames:   0.3800 
Warm start
Optimizing 67 data and 400 samples. Theta=6.969849 
CHI2 before optimization:  25.7619 
Execution time: 0.00 seconds
Minimization using L-BFGS-B successful (iterations:7)
CHI2 after optimization:  25.2627 
Fraction of effective frames:   0.4113 
Warm start
Optimizing 67 data and 400 samples. Theta=7.467337 
CHI2 before optimization:  25.7619 
Execution time: 0.00 seconds
Minimization using L-BFGS-B successful (iterations:7)
CHI2 after optimization:  25.2779 
Fraction of effective frames:   0.4412 
Warm start
Optimizing 67 data and 400 samples. Theta=7.964824 
CHI2 before optimization:  25.7619 
Execution time: 0.00 seconds
Minimization using L-BFGS-B successful (iterations:7)
CHI2 after optimization:  25.2923 
Fraction of effective frames:   0.4697 
Warm start
Optimizing 67 data and 400 samples. Theta=8.462312 
CHI2 before optimization:  25.7619 
Execution time: 0.00 seconds
Minimization using L-BFGS-B successful (iterations:7)
CHI2 after optimization:  25.3060 
Fraction of effective frames:   0.4967 
Warm start
Optimizing 67 data and 400 samples. Theta=8.959799 
CHI2 before optimization:  25.7619 
Execution time: 0.00 seconds
Minimization using L-BFGS-B successful (iterations:7)
CHI2 after optimization:  25.3190 
Fraction of effective frames:   0.5222 
Warm start
Optimizing 67 data and 400 samples. Theta=9.457286 
CHI2 before optimization:  25.7619 
Execution time: 0.00 seconds
Minimization using L-BFGS-B successful (iterations:7)
CHI2 after optimization:  25.3313 
Fraction of effective frames:   0.5462 
Warm start
Optimizing 67 data and 400 samples. Theta=9.954774 
CHI2 before optimization:  25.7619 
Execution time: 0.00 seconds
Minimization using L-BFGS-B successful (iterations:7)
CHI2 after optimization:  25.3430 
Fraction of effective frames:   0.5687 
Warm start
Optimizing 67 data and 400 samples. Theta=10.452261 
CHI2 before optimization:  25.7619 
Execution time: 0.00 seconds
Minimization using L-BFGS-B successful (iterations:7)
CHI2 after optimization:  25.3542 
Fraction of effective frames:   0.5899 
Warm start
Optimizing 67 data and 400 samples. Theta=10.949749 
CHI2 before optimization:  25.7619 
Execution time: 0.00 seconds
Minimization using L-BFGS-B successful (iterations:7)
CHI2 after optimization:  25.3647 
Fraction of effective frames:   0.6097 
Warm start
Optimizing 67 data and 400 samples. Theta=11.447236 
CHI2 before optimization:  25.7619 
Execution time: 0.00 seconds
Minimization using L-BFGS-B successful (iterations:7)
CHI2 after optimization:  25.3748 
Fraction of effective frames:   0.6283 
Warm start
Optimizing 67 data and 400 samples. Theta=11.944724 
CHI2 before optimization:  25.7619 
Execution time: 0.00 seconds
Minimization using L-BFGS-B successful (iterations:7)
CHI2 after optimization:  25.3844 
Fraction of effective frames:   0.6458 
Warm start
Optimizing 67 data and 400 samples. Theta=12.442211 
CHI2 before optimization:  25.7619 
Execution time: 0.00 seconds
Minimization using L-BFGS-B successful (iterations:7)
CHI2 after optimization:  25.3935 
Fraction of effective frames:   0.6622 
Warm start
Optimizing 67 data and 400 samples. Theta=12.939698 
CHI2 before optimization:  25.7619 
Execution time: 0.00 seconds
Minimization using L-BFGS-B successful (iterations:7)
CHI2 after optimization:  25.4021 
Fraction of effective frames:   0.6775 
Warm start
Optimizing 67 data and 400 samples. Theta=13.437186 
CHI2 before optimization:  25.7619 
Execution time: 0.00 seconds
Minimization using L-BFGS-B successful (iterations:7)
CHI2 after optimization:  25.4104 
Fraction of effective frames:   0.6919 
Warm start
Optimizing 67 data and 400 samples. Theta=13.934673 
CHI2 before optimization:  25.7619 
Execution time: 0.00 seconds
Minimization using L-BFGS-B successful (iterations:7)
CHI2 after optimization:  25.4183 
Fraction of effective frames:   0.7054 
Warm start
Optimizing 67 data and 400 samples. Theta=14.432161 
CHI2 before optimization:  25.7619 
Execution time: 0.00 seconds
Minimization using L-BFGS-B successful (iterations:7)
CHI2 after optimization:  25.4259 
Fraction of effective frames:   0.7181 
Warm start
Optimizing 67 data and 400 samples. Theta=14.929648 
CHI2 before optimization:  25.7619 
Execution time: 0.00 seconds
Minimization using L-BFGS-B successful (iterations:7)
CHI2 after optimization:  25.4331 
Fraction of effective frames:   0.7301 
Warm start
Optimizing 67 data and 400 samples. Theta=15.427136 
CHI2 before optimization:  25.7619 
Execution time: 0.00 seconds
Minimization using L-BFGS-B successful (iterations:7)
CHI2 after optimization:  25.4400 
Fraction of effective frames:   0.7413 
Warm start
Optimizing 67 data and 400 samples. Theta=15.924623 
CHI2 before optimization:  25.7619 
Execution time: 0.00 seconds
Minimization using L-BFGS-B successful (iterations:7)
CHI2 after optimization:  25.4467 
Fraction of effective frames:   0.7519 
Warm start
Optimizing 67 data and 400 samples. Theta=16.422111 
CHI2 before optimization:  25.7619 
Execution time: 0.00 seconds
Minimization using L-BFGS-B successful (iterations:7)
CHI2 after optimization:  25.4530 
Fraction of effective frames:   0.7619 
Warm start
Optimizing 67 data and 400 samples. Theta=16.919598 
CHI2 before optimization:  25.7619 
Execution time: 0.00 seconds
Minimization using L-BFGS-B successful (iterations:7)
CHI2 after optimization:  25.4591 
Fraction of effective frames:   0.7713 
Warm start
Optimizing 67 data and 400 samples. Theta=17.417085 
CHI2 before optimization:  25.7619 
Execution time: 0.00 seconds
Minimization using L-BFGS-B successful (iterations:7)
CHI2 after optimization:  25.4650 
Fraction of effective frames:   0.7802 
Warm start
Optimizing 67 data and 400 samples. Theta=17.914573 
CHI2 before optimization:  25.7619 
Execution time: 0.00 seconds
Minimization using L-BFGS-B successful (iterations:7)
CHI2 after optimization:  25.4706 
Fraction of effective frames:   0.7886 
Warm start
Optimizing 67 data and 400 samples. Theta=18.412060 
CHI2 before optimization:  25.7619 
Execution time: 0.00 seconds
Minimization using L-BFGS-B successful (iterations:7)
CHI2 after optimization:  25.4761 
Fraction of effective frames:   0.7965 
Warm start
Optimizing 67 data and 400 samples. Theta=18.909548 
CHI2 before optimization:  25.7619 
Execution time: 0.00 seconds
Minimization using L-BFGS-B successful (iterations:7)
CHI2 after optimization:  25.4813 
Fraction of effective frames:   0.8040 
Warm start
Optimizing 67 data and 400 samples. Theta=19.407035 
CHI2 before optimization:  25.7619 
Execution time: 0.00 seconds
Minimization using L-BFGS-B successful (iterations:7)
CHI2 after optimization:  25.4863 
Fraction of effective frames:   0.8111 
Warm start
Optimizing 67 data and 400 samples. Theta=19.904523 
CHI2 before optimization:  25.7619 
Execution time: 0.00 seconds
Minimization using L-BFGS-B successful (iterations:7)
CHI2 after optimization:  25.4912 
Fraction of effective frames:   0.8179 
Warm start
Optimizing 67 data and 400 samples. Theta=20.402010 
CHI2 before optimization:  25.7619 
Execution time: 0.00 seconds
Minimization using L-BFGS-B successful (iterations:7)
CHI2 after optimization:  25.4959 
Fraction of effective frames:   0.8243 
Warm start
Optimizing 67 data and 400 samples. Theta=20.899497 
CHI2 before optimization:  25.7619 
Execution time: 0.00 seconds
Minimization using L-BFGS-B successful (iterations:7)
CHI2 after optimization:  25.5004 
Fraction of effective frames:   0.8303 
Warm start
Optimizing 67 data and 400 samples. Theta=21.396985 
CHI2 before optimization:  25.7619 
Execution time: 0.00 seconds
Minimization using L-BFGS-B successful (iterations:7)
CHI2 after optimization:  25.5048 
Fraction of effective frames:   0.8361 
Warm start
Optimizing 67 data and 400 samples. Theta=21.894472 
CHI2 before optimization:  25.7619 
Execution time: 0.00 seconds
Minimization using L-BFGS-B successful (iterations:7)
CHI2 after optimization:  25.5090 
Fraction of effective frames:   0.8416 
Warm start
Optimizing 67 data and 400 samples. Theta=22.391960 
CHI2 before optimization:  25.7619 
Execution time: 0.00 seconds
Minimization using L-BFGS-B successful (iterations:7)
CHI2 after optimization:  25.5131 
Fraction of effective frames:   0.8468 
Warm start
Optimizing 67 data and 400 samples. Theta=22.889447 
CHI2 before optimization:  25.7619 
Execution time: 0.00 seconds
Minimization using L-BFGS-B successful (iterations:7)
CHI2 after optimization:  25.5170 
Fraction of effective frames:   0.8518 
Warm start
Optimizing 67 data and 400 samples. Theta=23.386935 
CHI2 before optimization:  25.7619 
Execution time: 0.00 seconds
Minimization using L-BFGS-B successful (iterations:7)
CHI2 after optimization:  25.5209 
Fraction of effective frames:   0.8565 
Warm start
Optimizing 67 data and 400 samples. Theta=23.884422 
CHI2 before optimization:  25.7619 
Execution time: 0.00 seconds
Minimization using L-BFGS-B successful (iterations:7)
CHI2 after optimization:  25.5246 
Fraction of effective frames:   0.8611 
Warm start
Optimizing 67 data and 400 samples. Theta=24.381910 
CHI2 before optimization:  25.7619 
Execution time: 0.00 seconds
Minimization using L-BFGS-B successful (iterations:7)
CHI2 after optimization:  25.5282 
Fraction of effective frames:   0.8654 
Warm start
Optimizing 67 data and 400 samples. Theta=24.879397 
CHI2 before optimization:  25.7619 
Execution time: 0.00 seconds
Minimization using L-BFGS-B successful (iterations:7)
CHI2 after optimization:  25.5317 
Fraction of effective frames:   0.8695 
Warm start
Optimizing 67 data and 400 samples. Theta=25.376884 
CHI2 before optimization:  25.7619 
Execution time: 0.00 seconds
Minimization using L-BFGS-B successful (iterations:6)
CHI2 after optimization:  25.5351 
Fraction of effective frames:   0.8734 
Warm start
Optimizing 67 data and 400 samples. Theta=25.874372 
CHI2 before optimization:  25.7619 
Execution time: 0.00 seconds
Minimization using L-BFGS-B successful (iterations:6)
CHI2 after optimization:  25.5384 
Fraction of effective frames:   0.8772 
Warm start
Optimizing 67 data and 400 samples. Theta=26.371859 
CHI2 before optimization:  25.7619 
Execution time: 0.00 seconds
Minimization using L-BFGS-B successful (iterations:5)
CHI2 after optimization:  25.5416 
Fraction of effective frames:   0.8808 
Warm start
Optimizing 67 data and 400 samples. Theta=26.869347 
CHI2 before optimization:  25.7619 
Execution time: 0.00 seconds
Minimization using L-BFGS-B successful (iterations:6)
CHI2 after optimization:  25.5447 
Fraction of effective frames:   0.8842 
Warm start
Optimizing 67 data and 400 samples. Theta=27.366834 
CHI2 before optimization:  25.7619 
Execution time: 0.00 seconds
Minimization using L-BFGS-B successful (iterations:5)
CHI2 after optimization:  25.5477 
Fraction of effective frames:   0.8876 
Warm start
Optimizing 67 data and 400 samples. Theta=27.864322 
CHI2 before optimization:  25.7619 
Execution time: 0.00 seconds
Minimization using L-BFGS-B successful (iterations:6)
CHI2 after optimization:  25.5506 
Fraction of effective frames:   0.8907 
Warm start
Optimizing 67 data and 400 samples. Theta=28.361809 
CHI2 before optimization:  25.7619 
Execution time: 0.00 seconds
Minimization using L-BFGS-B successful (iterations:5)
CHI2 after optimization:  25.5535 
Fraction of effective frames:   0.8938 
Warm start
Optimizing 67 data and 400 samples. Theta=28.859296 
CHI2 before optimization:  25.7619 
Execution time: 0.00 seconds
Minimization using L-BFGS-B successful (iterations:6)
CHI2 after optimization:  25.5562 
Fraction of effective frames:   0.8967 
Warm start
Optimizing 67 data and 400 samples. Theta=29.356784 
CHI2 before optimization:  25.7619 
Execution time: 0.00 seconds
Minimization using L-BFGS-B successful (iterations:5)
CHI2 after optimization:  25.5589 
Fraction of effective frames:   0.8995 
Warm start
Optimizing 67 data and 400 samples. Theta=29.854271 
CHI2 before optimization:  25.7619 
Execution time: 0.00 seconds
Minimization using L-BFGS-B successful (iterations:5)
CHI2 after optimization:  25.5616 
Fraction of effective frames:   0.9021 
Warm start
Optimizing 67 data and 400 samples. Theta=30.351759 
CHI2 before optimization:  25.7619 
Execution time: 0.00 seconds
Minimization using L-BFGS-B successful (iterations:5)
CHI2 after optimization:  25.5641 
Fraction of effective frames:   0.9047 
Warm start
Optimizing 67 data and 400 samples. Theta=30.849246 
CHI2 before optimization:  25.7619 
Execution time: 0.00 seconds
Minimization using L-BFGS-B successful (iterations:5)
CHI2 after optimization:  25.5666 
Fraction of effective frames:   0.9072 
Warm start
Optimizing 67 data and 400 samples. Theta=31.346734 
CHI2 before optimization:  25.7619 
Execution time: 0.00 seconds
Minimization using L-BFGS-B successful (iterations:5)
CHI2 after optimization:  25.5691 
Fraction of effective frames:   0.9096 
Warm start
Optimizing 67 data and 400 samples. Theta=31.844221 
CHI2 before optimization:  25.7619 
Execution time: 0.00 seconds
Minimization using L-BFGS-B successful (iterations:5)
CHI2 after optimization:  25.5715 
Fraction of effective frames:   0.9119 
Warm start
Optimizing 67 data and 400 samples. Theta=32.341709 
CHI2 before optimization:  25.7619 
Execution time: 0.00 seconds
Minimization using L-BFGS-B successful (iterations:5)
CHI2 after optimization:  25.5738 
Fraction of effective frames:   0.9141 
Warm start
Optimizing 67 data and 400 samples. Theta=32.839196 
CHI2 before optimization:  25.7619 
Execution time: 0.00 seconds
Minimization using L-BFGS-B successful (iterations:5)
CHI2 after optimization:  25.5760 
Fraction of effective frames:   0.9162 
Warm start
Optimizing 67 data and 400 samples. Theta=33.336683 
CHI2 before optimization:  25.7619 
Execution time: 0.00 seconds
Minimization using L-BFGS-B successful (iterations:5)
CHI2 after optimization:  25.5782 
Fraction of effective frames:   0.9183 
Warm start
Optimizing 67 data and 400 samples. Theta=33.834171 
CHI2 before optimization:  25.7619 
Execution time: 0.00 seconds
Minimization using L-BFGS-B successful (iterations:5)
CHI2 after optimization:  25.5804 
Fraction of effective frames:   0.9202 
Warm start
Optimizing 67 data and 400 samples. Theta=34.331658 
CHI2 before optimization:  25.7619 
Execution time: 0.00 seconds
Minimization using L-BFGS-B successful (iterations:5)
CHI2 after optimization:  25.5825 
Fraction of effective frames:   0.9222 
Warm start
Optimizing 67 data and 400 samples. Theta=34.829146 
CHI2 before optimization:  25.7619 
Execution time: 0.00 seconds
Minimization using L-BFGS-B successful (iterations:5)
CHI2 after optimization:  25.5846 
Fraction of effective frames:   0.9240 
Warm start
Optimizing 67 data and 400 samples. Theta=35.326633 
CHI2 before optimization:  25.7619 
Execution time: 0.00 seconds
Minimization using L-BFGS-B successful (iterations:5)
CHI2 after optimization:  25.5866 
Fraction of effective frames:   0.9258 
Warm start
Optimizing 67 data and 400 samples. Theta=35.824121 
CHI2 before optimization:  25.7619 
Execution time: 0.00 seconds
Minimization using L-BFGS-B successful (iterations:5)
CHI2 after optimization:  25.5885 
Fraction of effective frames:   0.9275 
Warm start
Optimizing 67 data and 400 samples. Theta=36.321608 
CHI2 before optimization:  25.7619 
Execution time: 0.00 seconds
Minimization using L-BFGS-B successful (iterations:5)
CHI2 after optimization:  25.5905 
Fraction of effective frames:   0.9291 
Warm start
Optimizing 67 data and 400 samples. Theta=36.819095 
CHI2 before optimization:  25.7619 
Execution time: 0.00 seconds
Minimization using L-BFGS-B successful (iterations:5)
CHI2 after optimization:  25.5923 
Fraction of effective frames:   0.9307 
Warm start
Optimizing 67 data and 400 samples. Theta=37.316583 
CHI2 before optimization:  25.7619 
Execution time: 0.00 seconds
Minimization using L-BFGS-B successful (iterations:5)
CHI2 after optimization:  25.5942 
Fraction of effective frames:   0.9323 
Warm start
Optimizing 67 data and 400 samples. Theta=37.814070 
CHI2 before optimization:  25.7619 
Execution time: 0.00 seconds
Minimization using L-BFGS-B successful (iterations:5)
CHI2 after optimization:  25.5960 
Fraction of effective frames:   0.9338 
Warm start
Optimizing 67 data and 400 samples. Theta=38.311558 
CHI2 before optimization:  25.7619 
Execution time: 0.00 seconds
Minimization using L-BFGS-B successful (iterations:5)
CHI2 after optimization:  25.5977 
Fraction of effective frames:   0.9352 
Warm start
Optimizing 67 data and 400 samples. Theta=38.809045 
CHI2 before optimization:  25.7619 
Execution time: 0.00 seconds
Minimization using L-BFGS-B successful (iterations:5)
CHI2 after optimization:  25.5995 
Fraction of effective frames:   0.9366 
Warm start
Optimizing 67 data and 400 samples. Theta=39.306533 
CHI2 before optimization:  25.7619 
Execution time: 0.00 seconds
Minimization using L-BFGS-B successful (iterations:5)
CHI2 after optimization:  25.6012 
Fraction of effective frames:   0.9380 
Warm start
Optimizing 67 data and 400 samples. Theta=39.804020 
CHI2 before optimization:  25.7619 
Execution time: 0.00 seconds
Minimization using L-BFGS-B successful (iterations:5)
CHI2 after optimization:  25.6028 
Fraction of effective frames:   0.9393 
Warm start
Optimizing 67 data and 400 samples. Theta=40.301508 
CHI2 before optimization:  25.7619 
Execution time: 0.00 seconds
Minimization using L-BFGS-B successful (iterations:5)
CHI2 after optimization:  25.6044 
Fraction of effective frames:   0.9406 
Warm start
Optimizing 67 data and 400 samples. Theta=40.798995 
CHI2 before optimization:  25.7619 
Execution time: 0.00 seconds
Minimization using L-BFGS-B successful (iterations:5)
CHI2 after optimization:  25.6060 
Fraction of effective frames:   0.9418 
Warm start
Optimizing 67 data and 400 samples. Theta=41.296482 
CHI2 before optimization:  25.7619 
Execution time: 0.00 seconds
Minimization using L-BFGS-B successful (iterations:5)
CHI2 after optimization:  25.6076 
Fraction of effective frames:   0.9430 
Warm start
Optimizing 67 data and 400 samples. Theta=41.793970 
CHI2 before optimization:  25.7619 
Execution time: 0.00 seconds
Minimization using L-BFGS-B successful (iterations:5)
CHI2 after optimization:  25.6091 
Fraction of effective frames:   0.9442 
Warm start
Optimizing 67 data and 400 samples. Theta=42.291457 
CHI2 before optimization:  25.7619 
Execution time: 0.00 seconds
Minimization using L-BFGS-B successful (iterations:5)
CHI2 after optimization:  25.6106 
Fraction of effective frames:   0.9453 
Warm start
Optimizing 67 data and 400 samples. Theta=42.788945 
CHI2 before optimization:  25.7619 
Execution time: 0.00 seconds
Minimization using L-BFGS-B successful (iterations:5)
CHI2 after optimization:  25.6121 
Fraction of effective frames:   0.9464 
Warm start
Optimizing 67 data and 400 samples. Theta=43.286432 
CHI2 before optimization:  25.7619 
Execution time: 0.00 seconds
Minimization using L-BFGS-B successful (iterations:5)
CHI2 after optimization:  25.6135 
Fraction of effective frames:   0.9475 
Warm start
Optimizing 67 data and 400 samples. Theta=43.783920 
CHI2 before optimization:  25.7619 
Execution time: 0.00 seconds
Minimization using L-BFGS-B successful (iterations:5)
CHI2 after optimization:  25.6149 
Fraction of effective frames:   0.9485 
Warm start
Optimizing 67 data and 400 samples. Theta=44.281407 
CHI2 before optimization:  25.7619 
Execution time: 0.00 seconds
Minimization using L-BFGS-B successful (iterations:5)
CHI2 after optimization:  25.6163 
Fraction of effective frames:   0.9495 
Warm start
Optimizing 67 data and 400 samples. Theta=44.778894 
CHI2 before optimization:  25.7619 
Execution time: 0.00 seconds
Minimization using L-BFGS-B successful (iterations:5)
CHI2 after optimization:  25.6176 
Fraction of effective frames:   0.9505 
Warm start
Optimizing 67 data and 400 samples. Theta=45.276382 
CHI2 before optimization:  25.7619 
Execution time: 0.00 seconds
Minimization using L-BFGS-B successful (iterations:5)
CHI2 after optimization:  25.6190 
Fraction of effective frames:   0.9514 
Warm start
Optimizing 67 data and 400 samples. Theta=45.773869 
CHI2 before optimization:  25.7619 
Execution time: 0.00 seconds
Minimization using L-BFGS-B successful (iterations:5)
CHI2 after optimization:  25.6203 
Fraction of effective frames:   0.9523 
Warm start
Optimizing 67 data and 400 samples. Theta=46.271357 
CHI2 before optimization:  25.7619 
Execution time: 0.00 seconds
Minimization using L-BFGS-B successful (iterations:5)
CHI2 after optimization:  25.6216 
Fraction of effective frames:   0.9532 
Warm start
Optimizing 67 data and 400 samples. Theta=46.768844 
CHI2 before optimization:  25.7619 
Execution time: 0.00 seconds
Minimization using L-BFGS-B successful (iterations:5)
CHI2 after optimization:  25.6228 
Fraction of effective frames:   0.9541 
Warm start
Optimizing 67 data and 400 samples. Theta=47.266332 
CHI2 before optimization:  25.7619 
Execution time: 0.00 seconds
Minimization using L-BFGS-B successful (iterations:5)
CHI2 after optimization:  25.6241 
Fraction of effective frames:   0.9549 
Warm start
Optimizing 67 data and 400 samples. Theta=47.763819 
CHI2 before optimization:  25.7619 
Execution time: 0.00 seconds
Minimization using L-BFGS-B successful (iterations:5)
CHI2 after optimization:  25.6253 
Fraction of effective frames:   0.9557 
Warm start
Optimizing 67 data and 400 samples. Theta=48.261307 
CHI2 before optimization:  25.7619 
Execution time: 0.00 seconds
Minimization using L-BFGS-B successful (iterations:5)
CHI2 after optimization:  25.6265 
Fraction of effective frames:   0.9565 
Warm start
Optimizing 67 data and 400 samples. Theta=48.758794 
CHI2 before optimization:  25.7619 
Execution time: 0.00 seconds
Minimization using L-BFGS-B successful (iterations:5)
CHI2 after optimization:  25.6277 
Fraction of effective frames:   0.9573 
Warm start
Optimizing 67 data and 400 samples. Theta=49.256281 
CHI2 before optimization:  25.7619 
Execution time: 0.00 seconds
Minimization using L-BFGS-B successful (iterations:5)
CHI2 after optimization:  25.6288 
Fraction of effective frames:   0.9581 
Warm start
Optimizing 67 data and 400 samples. Theta=49.753769 
CHI2 before optimization:  25.7619 
Execution time: 0.00 seconds
Minimization using L-BFGS-B successful (iterations:5)
CHI2 after optimization:  25.6300 
Fraction of effective frames:   0.9588 
Warm start
Optimizing 67 data and 400 samples. Theta=50.251256 
CHI2 before optimization:  25.7619 
Execution time: 0.00 seconds
Minimization using L-BFGS-B successful (iterations:5)
CHI2 after optimization:  25.6311 
Fraction of effective frames:   0.9595 
Warm start
Optimizing 67 data and 400 samples. Theta=50.748744 
CHI2 before optimization:  25.7619 
Execution time: 0.00 seconds
Minimization using L-BFGS-B successful (iterations:5)
CHI2 after optimization:  25.6322 
Fraction of effective frames:   0.9602 
Warm start
Optimizing 67 data and 400 samples. Theta=51.246231 
CHI2 before optimization:  25.7619 
Execution time: 0.00 seconds
Minimization using L-BFGS-B successful (iterations:5)
CHI2 after optimization:  25.6332 
Fraction of effective frames:   0.9609 
Warm start
Optimizing 67 data and 400 samples. Theta=51.743719 
CHI2 before optimization:  25.7619 
Execution time: 0.00 seconds
Minimization using L-BFGS-B successful (iterations:5)
CHI2 after optimization:  25.6343 
Fraction of effective frames:   0.9616 
Warm start
Optimizing 67 data and 400 samples. Theta=52.241206 
CHI2 before optimization:  25.7619 
Execution time: 0.00 seconds
Minimization using L-BFGS-B successful (iterations:5)
CHI2 after optimization:  25.6353 
Fraction of effective frames:   0.9622 
Warm start
Optimizing 67 data and 400 samples. Theta=52.738693 
CHI2 before optimization:  25.7619 
Execution time: 0.00 seconds
Minimization using L-BFGS-B successful (iterations:5)
CHI2 after optimization:  25.6364 
Fraction of effective frames:   0.9628 
Warm start
Optimizing 67 data and 400 samples. Theta=53.236181 
CHI2 before optimization:  25.7619 
Execution time: 0.00 seconds
Minimization using L-BFGS-B successful (iterations:5)
CHI2 after optimization:  25.6374 
Fraction of effective frames:   0.9634 
Warm start
Optimizing 67 data and 400 samples. Theta=53.733668 
CHI2 before optimization:  25.7619 
Execution time: 0.00 seconds
Minimization using L-BFGS-B successful (iterations:5)
CHI2 after optimization:  25.6384 
Fraction of effective frames:   0.9640 
Warm start
Optimizing 67 data and 400 samples. Theta=54.231156 
CHI2 before optimization:  25.7619 
Execution time: 0.00 seconds
Minimization using L-BFGS-B successful (iterations:5)
CHI2 after optimization:  25.6394 
Fraction of effective frames:   0.9646 
Warm start
Optimizing 67 data and 400 samples. Theta=54.728643 
CHI2 before optimization:  25.7619 
Execution time: 0.00 seconds
Minimization using L-BFGS-B successful (iterations:5)
CHI2 after optimization:  25.6403 
Fraction of effective frames:   0.9652 
Warm start
Optimizing 67 data and 400 samples. Theta=55.226131 
CHI2 before optimization:  25.7619 
Execution time: 0.00 seconds
Minimization using L-BFGS-B successful (iterations:5)
CHI2 after optimization:  25.6413 
Fraction of effective frames:   0.9658 
Warm start
Optimizing 67 data and 400 samples. Theta=55.723618 
CHI2 before optimization:  25.7619 
Execution time: 0.00 seconds
Minimization using L-BFGS-B successful (iterations:5)
CHI2 after optimization:  25.6422 
Fraction of effective frames:   0.9663 
Warm start
Optimizing 67 data and 400 samples. Theta=56.221106 
CHI2 before optimization:  25.7619 
Execution time: 0.00 seconds
Minimization using L-BFGS-B successful (iterations:5)
CHI2 after optimization:  25.6431 
Fraction of effective frames:   0.9668 
Warm start
Optimizing 67 data and 400 samples. Theta=56.718593 
CHI2 before optimization:  25.7619 
Execution time: 0.00 seconds
Minimization using L-BFGS-B successful (iterations:5)
CHI2 after optimization:  25.6440 
Fraction of effective frames:   0.9674 
Warm start
Optimizing 67 data and 400 samples. Theta=57.216080 
CHI2 before optimization:  25.7619 
Execution time: 0.00 seconds
Minimization using L-BFGS-B successful (iterations:5)
CHI2 after optimization:  25.6449 
Fraction of effective frames:   0.9679 
Warm start
Optimizing 67 data and 400 samples. Theta=57.713568 
CHI2 before optimization:  25.7619 
Execution time: 0.00 seconds
Minimization using L-BFGS-B successful (iterations:5)
CHI2 after optimization:  25.6458 
Fraction of effective frames:   0.9684 
Warm start
Optimizing 67 data and 400 samples. Theta=58.211055 
CHI2 before optimization:  25.7619 
Execution time: 0.00 seconds
Minimization using L-BFGS-B successful (iterations:5)
CHI2 after optimization:  25.6467 
Fraction of effective frames:   0.9688 
Warm start
Optimizing 67 data and 400 samples. Theta=58.708543 
CHI2 before optimization:  25.7619 
Execution time: 0.00 seconds
Minimization using L-BFGS-B successful (iterations:5)
CHI2 after optimization:  25.6475 
Fraction of effective frames:   0.9693 
Warm start
Optimizing 67 data and 400 samples. Theta=59.206030 
CHI2 before optimization:  25.7619 
Execution time: 0.00 seconds
Minimization using L-BFGS-B successful (iterations:5)
CHI2 after optimization:  25.6483 
Fraction of effective frames:   0.9698 
Warm start
Optimizing 67 data and 400 samples. Theta=59.703518 
CHI2 before optimization:  25.7619 
Execution time: 0.00 seconds
Minimization using L-BFGS-B successful (iterations:5)
CHI2 after optimization:  25.6492 
Fraction of effective frames:   0.9702 
Warm start
Optimizing 67 data and 400 samples. Theta=60.201005 
CHI2 before optimization:  25.7619 
Execution time: 0.00 seconds
Minimization using L-BFGS-B successful (iterations:5)
CHI2 after optimization:  25.6500 
Fraction of effective frames:   0.9707 
Warm start
Optimizing 67 data and 400 samples. Theta=60.698492 
CHI2 before optimization:  25.7619 
Execution time: 0.00 seconds
Minimization using L-BFGS-B successful (iterations:5)
CHI2 after optimization:  25.6508 
Fraction of effective frames:   0.9711 
Warm start
Optimizing 67 data and 400 samples. Theta=61.195980 
CHI2 before optimization:  25.7619 
Execution time: 0.00 seconds
Minimization using L-BFGS-B successful (iterations:5)
CHI2 after optimization:  25.6516 
Fraction of effective frames:   0.9715 
Warm start
Optimizing 67 data and 400 samples. Theta=61.693467 
CHI2 before optimization:  25.7619 
Execution time: 0.00 seconds
Minimization using L-BFGS-B successful (iterations:5)
CHI2 after optimization:  25.6524 
Fraction of effective frames:   0.9719 
Warm start
Optimizing 67 data and 400 samples. Theta=62.190955 
CHI2 before optimization:  25.7619 
Execution time: 0.00 seconds
Minimization using L-BFGS-B successful (iterations:5)
CHI2 after optimization:  25.6531 
Fraction of effective frames:   0.9723 
Warm start
Optimizing 67 data and 400 samples. Theta=62.688442 
CHI2 before optimization:  25.7619 
Execution time: 0.00 seconds
Minimization using L-BFGS-B successful (iterations:5)
CHI2 after optimization:  25.6539 
Fraction of effective frames:   0.9727 
Warm start
Optimizing 67 data and 400 samples. Theta=63.185930 
CHI2 before optimization:  25.7619 
Execution time: 0.00 seconds
Minimization using L-BFGS-B successful (iterations:5)
CHI2 after optimization:  25.6546 
Fraction of effective frames:   0.9731 
Warm start
Optimizing 67 data and 400 samples. Theta=63.683417 
CHI2 before optimization:  25.7619 
Execution time: 0.00 seconds
Minimization using L-BFGS-B successful (iterations:5)
CHI2 after optimization:  25.6554 
Fraction of effective frames:   0.9735 
Warm start
Optimizing 67 data and 400 samples. Theta=64.180905 
CHI2 before optimization:  25.7619 
Execution time: 0.00 seconds
Minimization using L-BFGS-B successful (iterations:5)
CHI2 after optimization:  25.6561 
Fraction of effective frames:   0.9739 
Warm start
Optimizing 67 data and 400 samples. Theta=64.678392 
CHI2 before optimization:  25.7619 
Execution time: 0.00 seconds
Minimization using L-BFGS-B successful (iterations:5)
CHI2 after optimization:  25.6568 
Fraction of effective frames:   0.9742 
Warm start
Optimizing 67 data and 400 samples. Theta=65.175879 
CHI2 before optimization:  25.7619 
Execution time: 0.00 seconds
Minimization using L-BFGS-B successful (iterations:5)
CHI2 after optimization:  25.6575 
Fraction of effective frames:   0.9746 
Warm start
Optimizing 67 data and 400 samples. Theta=65.673367 
CHI2 before optimization:  25.7619 
Execution time: 0.00 seconds
Minimization using L-BFGS-B successful (iterations:5)
CHI2 after optimization:  25.6582 
Fraction of effective frames:   0.9750 
Warm start
Optimizing 67 data and 400 samples. Theta=66.170854 
CHI2 before optimization:  25.7619 
Execution time: 0.00 seconds
Minimization using L-BFGS-B successful (iterations:5)
CHI2 after optimization:  25.6589 
Fraction of effective frames:   0.9753 
Warm start
Optimizing 67 data and 400 samples. Theta=66.668342 
CHI2 before optimization:  25.7619 
Execution time: 0.00 seconds
Minimization using L-BFGS-B successful (iterations:5)
CHI2 after optimization:  25.6596 
Fraction of effective frames:   0.9756 
Warm start
Optimizing 67 data and 400 samples. Theta=67.165829 
CHI2 before optimization:  25.7619 
Execution time: 0.00 seconds
Minimization using L-BFGS-B successful (iterations:5)
CHI2 after optimization:  25.6603 
Fraction of effective frames:   0.9760 
Warm start
Optimizing 67 data and 400 samples. Theta=67.663317 
CHI2 before optimization:  25.7619 
Execution time: 0.00 seconds
Minimization using L-BFGS-B successful (iterations:5)
CHI2 after optimization:  25.6609 
Fraction of effective frames:   0.9763 
Warm start
Optimizing 67 data and 400 samples. Theta=68.160804 
CHI2 before optimization:  25.7619 
Execution time: 0.00 seconds
Minimization using L-BFGS-B successful (iterations:5)
CHI2 after optimization:  25.6616 
Fraction of effective frames:   0.9766 
Warm start
Optimizing 67 data and 400 samples. Theta=68.658291 
CHI2 before optimization:  25.7619 
Execution time: 0.00 seconds
Minimization using L-BFGS-B successful (iterations:5)
CHI2 after optimization:  25.6622 
Fraction of effective frames:   0.9769 
Warm start
Optimizing 67 data and 400 samples. Theta=69.155779 
CHI2 before optimization:  25.7619 
Execution time: 0.00 seconds
Minimization using L-BFGS-B successful (iterations:5)
CHI2 after optimization:  25.6629 
Fraction of effective frames:   0.9772 
Warm start
Optimizing 67 data and 400 samples. Theta=69.653266 
CHI2 before optimization:  25.7619 
Execution time: 0.00 seconds
Minimization using L-BFGS-B successful (iterations:5)
CHI2 after optimization:  25.6635 
Fraction of effective frames:   0.9775 
Warm start
Optimizing 67 data and 400 samples. Theta=70.150754 
CHI2 before optimization:  25.7619 
Execution time: 0.00 seconds
Minimization using L-BFGS-B successful (iterations:5)
CHI2 after optimization:  25.6641 
Fraction of effective frames:   0.9778 
Warm start
Optimizing 67 data and 400 samples. Theta=70.648241 
CHI2 before optimization:  25.7619 
Execution time: 0.00 seconds
Minimization using L-BFGS-B successful (iterations:5)
CHI2 after optimization:  25.6647 
Fraction of effective frames:   0.9781 
Warm start
Optimizing 67 data and 400 samples. Theta=71.145729 
CHI2 before optimization:  25.7619 
Execution time: 0.00 seconds
Minimization using L-BFGS-B successful (iterations:5)
CHI2 after optimization:  25.6654 
Fraction of effective frames:   0.9784 
Warm start
Optimizing 67 data and 400 samples. Theta=71.643216 
CHI2 before optimization:  25.7619 
Execution time: 0.00 seconds
Minimization using L-BFGS-B successful (iterations:5)
CHI2 after optimization:  25.6660 
Fraction of effective frames:   0.9786 
Warm start
Optimizing 67 data and 400 samples. Theta=72.140704 
CHI2 before optimization:  25.7619 
Execution time: 0.00 seconds
Minimization using L-BFGS-B successful (iterations:5)
CHI2 after optimization:  25.6665 
Fraction of effective frames:   0.9789 
Warm start
Optimizing 67 data and 400 samples. Theta=72.638191 
CHI2 before optimization:  25.7619 
Execution time: 0.00 seconds
Minimization using L-BFGS-B successful (iterations:5)
CHI2 after optimization:  25.6671 
Fraction of effective frames:   0.9792 
Warm start
Optimizing 67 data and 400 samples. Theta=73.135678 
CHI2 before optimization:  25.7619 
Execution time: 0.00 seconds
Minimization using L-BFGS-B successful (iterations:5)
CHI2 after optimization:  25.6677 
Fraction of effective frames:   0.9794 
Warm start
Optimizing 67 data and 400 samples. Theta=73.633166 
CHI2 before optimization:  25.7619 
Execution time: 0.00 seconds
Minimization using L-BFGS-B successful (iterations:5)
CHI2 after optimization:  25.6683 
Fraction of effective frames:   0.9797 
Warm start
Optimizing 67 data and 400 samples. Theta=74.130653 
CHI2 before optimization:  25.7619 
Execution time: 0.00 seconds
Minimization using L-BFGS-B successful (iterations:5)
CHI2 after optimization:  25.6688 
Fraction of effective frames:   0.9799 
Warm start
Optimizing 67 data and 400 samples. Theta=74.628141 
CHI2 before optimization:  25.7619 
Execution time: 0.00 seconds
Minimization using L-BFGS-B successful (iterations:5)
CHI2 after optimization:  25.6694 
Fraction of effective frames:   0.9802 
Warm start
Optimizing 67 data and 400 samples. Theta=75.125628 
CHI2 before optimization:  25.7619 
Execution time: 0.00 seconds
Minimization using L-BFGS-B successful (iterations:5)
CHI2 after optimization:  25.6699 
Fraction of effective frames:   0.9804 
Warm start
Optimizing 67 data and 400 samples. Theta=75.623116 
CHI2 before optimization:  25.7619 
Execution time: 0.00 seconds
Minimization using L-BFGS-B successful (iterations:5)
CHI2 after optimization:  25.6705 
Fraction of effective frames:   0.9807 
Warm start
Optimizing 67 data and 400 samples. Theta=76.120603 
CHI2 before optimization:  25.7619 
Execution time: 0.00 seconds
Minimization using L-BFGS-B successful (iterations:5)
CHI2 after optimization:  25.6710 
Fraction of effective frames:   0.9809 
Warm start
Optimizing 67 data and 400 samples. Theta=76.618090 
CHI2 before optimization:  25.7619 
Execution time: 0.00 seconds
Minimization using L-BFGS-B successful (iterations:5)
CHI2 after optimization:  25.6716 
Fraction of effective frames:   0.9811 
Warm start
Optimizing 67 data and 400 samples. Theta=77.115578 
CHI2 before optimization:  25.7619 
Execution time: 0.00 seconds
Minimization using L-BFGS-B successful (iterations:5)
CHI2 after optimization:  25.6721 
Fraction of effective frames:   0.9813 
Warm start
Optimizing 67 data and 400 samples. Theta=77.613065 
CHI2 before optimization:  25.7619 
Execution time: 0.00 seconds
Minimization using L-BFGS-B successful (iterations:5)
CHI2 after optimization:  25.6726 
Fraction of effective frames:   0.9816 
Warm start
Optimizing 67 data and 400 samples. Theta=78.110553 
CHI2 before optimization:  25.7619 
Execution time: 0.00 seconds
Minimization using L-BFGS-B successful (iterations:5)
CHI2 after optimization:  25.6731 
Fraction of effective frames:   0.9818 
Warm start
Optimizing 67 data and 400 samples. Theta=78.608040 
CHI2 before optimization:  25.7619 
Execution time: 0.00 seconds
Minimization using L-BFGS-B successful (iterations:5)
CHI2 after optimization:  25.6736 
Fraction of effective frames:   0.9820 
Warm start
Optimizing 67 data and 400 samples. Theta=79.105528 
CHI2 before optimization:  25.7619 
Execution time: 0.00 seconds
Minimization using L-BFGS-B successful (iterations:5)
CHI2 after optimization:  25.6741 
Fraction of effective frames:   0.9822 
Warm start
Optimizing 67 data and 400 samples. Theta=79.603015 
CHI2 before optimization:  25.7619 
Execution time: 0.00 seconds
Minimization using L-BFGS-B successful (iterations:5)
CHI2 after optimization:  25.6746 
Fraction of effective frames:   0.9824 
Warm start
Optimizing 67 data and 400 samples. Theta=80.100503 
CHI2 before optimization:  25.7619 
Execution time: 0.00 seconds
Minimization using L-BFGS-B successful (iterations:5)
CHI2 after optimization:  25.6751 
Fraction of effective frames:   0.9826 
Warm start
Optimizing 67 data and 400 samples. Theta=80.597990 
CHI2 before optimization:  25.7619 
Execution time: 0.00 seconds
Minimization using L-BFGS-B successful (iterations:5)
CHI2 after optimization:  25.6756 
Fraction of effective frames:   0.9828 
Warm start
Optimizing 67 data and 400 samples. Theta=81.095477 
CHI2 before optimization:  25.7619 
Execution time: 0.00 seconds
Minimization using L-BFGS-B successful (iterations:5)
CHI2 after optimization:  25.6761 
Fraction of effective frames:   0.9830 
Warm start
Optimizing 67 data and 400 samples. Theta=81.592965 
CHI2 before optimization:  25.7619 
Execution time: 0.00 seconds
Minimization using L-BFGS-B successful (iterations:5)
CHI2 after optimization:  25.6765 
Fraction of effective frames:   0.9832 
Warm start
Optimizing 67 data and 400 samples. Theta=82.090452 
CHI2 before optimization:  25.7619 
Execution time: 0.00 seconds
Minimization using L-BFGS-B successful (iterations:5)
CHI2 after optimization:  25.6770 
Fraction of effective frames:   0.9834 
Warm start
Optimizing 67 data and 400 samples. Theta=82.587940 
CHI2 before optimization:  25.7619 
Execution time: 0.00 seconds
Minimization using L-BFGS-B successful (iterations:5)
CHI2 after optimization:  25.6775 
Fraction of effective frames:   0.9836 
Warm start
Optimizing 67 data and 400 samples. Theta=83.085427 
CHI2 before optimization:  25.7619 
Execution time: 0.00 seconds
Minimization using L-BFGS-B successful (iterations:5)
CHI2 after optimization:  25.6779 
Fraction of effective frames:   0.9838 
Warm start
Optimizing 67 data and 400 samples. Theta=83.582915 
CHI2 before optimization:  25.7619 
Execution time: 0.00 seconds
Minimization using L-BFGS-B successful (iterations:5)
CHI2 after optimization:  25.6784 
Fraction of effective frames:   0.9839 
Warm start
Optimizing 67 data and 400 samples. Theta=84.080402 
CHI2 before optimization:  25.7619 
Execution time: 0.00 seconds
Minimization using L-BFGS-B successful (iterations:5)
CHI2 after optimization:  25.6788 
Fraction of effective frames:   0.9841 
Warm start
Optimizing 67 data and 400 samples. Theta=84.577889 
CHI2 before optimization:  25.7619 
Execution time: 0.00 seconds
Minimization using L-BFGS-B successful (iterations:5)
CHI2 after optimization:  25.6793 
Fraction of effective frames:   0.9843 
Warm start
Optimizing 67 data and 400 samples. Theta=85.075377 
CHI2 before optimization:  25.7619 
Execution time: 0.00 seconds
Minimization using L-BFGS-B successful (iterations:5)
CHI2 after optimization:  25.6797 
Fraction of effective frames:   0.9845 
Warm start
Optimizing 67 data and 400 samples. Theta=85.572864 
CHI2 before optimization:  25.7619 
Execution time: 0.00 seconds
Minimization using L-BFGS-B successful (iterations:5)
CHI2 after optimization:  25.6802 
Fraction of effective frames:   0.9846 
Warm start
Optimizing 67 data and 400 samples. Theta=86.070352 
CHI2 before optimization:  25.7619 
Execution time: 0.00 seconds
Minimization using L-BFGS-B successful (iterations:5)
CHI2 after optimization:  25.6806 
Fraction of effective frames:   0.9848 
Warm start
Optimizing 67 data and 400 samples. Theta=86.567839 
CHI2 before optimization:  25.7619 
Execution time: 0.00 seconds
Minimization using L-BFGS-B successful (iterations:5)
CHI2 after optimization:  25.6810 
Fraction of effective frames:   0.9849 
Warm start
Optimizing 67 data and 400 samples. Theta=87.065327 
CHI2 before optimization:  25.7619 
Execution time: 0.00 seconds
Minimization using L-BFGS-B successful (iterations:5)
CHI2 after optimization:  25.6814 
Fraction of effective frames:   0.9851 
Warm start
Optimizing 67 data and 400 samples. Theta=87.562814 
CHI2 before optimization:  25.7619 
Execution time: 0.00 seconds
Minimization using L-BFGS-B successful (iterations:4)
CHI2 after optimization:  25.6818 
Fraction of effective frames:   0.9853 
Warm start
Optimizing 67 data and 400 samples. Theta=88.060302 
CHI2 before optimization:  25.7619 
Execution time: 0.00 seconds
Minimization using L-BFGS-B successful (iterations:5)
CHI2 after optimization:  25.6823 
Fraction of effective frames:   0.9854 
Warm start
Optimizing 67 data and 400 samples. Theta=88.557789 
CHI2 before optimization:  25.7619 
Execution time: 0.00 seconds
Minimization using L-BFGS-B successful (iterations:4)
CHI2 after optimization:  25.6827 
Fraction of effective frames:   0.9856 
Warm start
Optimizing 67 data and 400 samples. Theta=89.055276 
CHI2 before optimization:  25.7619 
Execution time: 0.00 seconds
Minimization using L-BFGS-B successful (iterations:5)
CHI2 after optimization:  25.6831 
Fraction of effective frames:   0.9857 
Warm start
Optimizing 67 data and 400 samples. Theta=89.552764 
CHI2 before optimization:  25.7619 
Execution time: 0.00 seconds
Minimization using L-BFGS-B successful (iterations:4)
CHI2 after optimization:  25.6835 
Fraction of effective frames:   0.9859 
Warm start
Optimizing 67 data and 400 samples. Theta=90.050251 
CHI2 before optimization:  25.7619 
Execution time: 0.00 seconds
Minimization using L-BFGS-B successful (iterations:4)
CHI2 after optimization:  25.6839 
Fraction of effective frames:   0.9860 
Warm start
Optimizing 67 data and 400 samples. Theta=90.547739 
CHI2 before optimization:  25.7619 
Execution time: 0.00 seconds
Minimization using L-BFGS-B successful (iterations:4)
CHI2 after optimization:  25.6842 
Fraction of effective frames:   0.9862 
Warm start
Optimizing 67 data and 400 samples. Theta=91.045226 
CHI2 before optimization:  25.7619 
Execution time: 0.00 seconds
Minimization using L-BFGS-B successful (iterations:4)
CHI2 after optimization:  25.6846 
Fraction of effective frames:   0.9863 
Warm start
Optimizing 67 data and 400 samples. Theta=91.542714 
CHI2 before optimization:  25.7619 
Execution time: 0.00 seconds
Minimization using L-BFGS-B successful (iterations:4)
CHI2 after optimization:  25.6850 
Fraction of effective frames:   0.9864 
Warm start
Optimizing 67 data and 400 samples. Theta=92.040201 
CHI2 before optimization:  25.7619 
Execution time: 0.00 seconds
Minimization using L-BFGS-B successful (iterations:4)
CHI2 after optimization:  25.6854 
Fraction of effective frames:   0.9866 
Warm start
Optimizing 67 data and 400 samples. Theta=92.537688 
CHI2 before optimization:  25.7619 
Execution time: 0.00 seconds
Minimization using L-BFGS-B successful (iterations:4)
CHI2 after optimization:  25.6858 
Fraction of effective frames:   0.9867 
Warm start
Optimizing 67 data and 400 samples. Theta=93.035176 
CHI2 before optimization:  25.7619 
Execution time: 0.00 seconds
Minimization using L-BFGS-B successful (iterations:4)
CHI2 after optimization:  25.6861 
Fraction of effective frames:   0.9868 
Warm start
Optimizing 67 data and 400 samples. Theta=93.532663 
CHI2 before optimization:  25.7619 
Execution time: 0.00 seconds
Minimization using L-BFGS-B successful (iterations:4)
CHI2 after optimization:  25.6865 
Fraction of effective frames:   0.9870 
Warm start
Optimizing 67 data and 400 samples. Theta=94.030151 
CHI2 before optimization:  25.7619 
Execution time: 0.00 seconds
Minimization using L-BFGS-B successful (iterations:4)
CHI2 after optimization:  25.6869 
Fraction of effective frames:   0.9871 
Warm start
Optimizing 67 data and 400 samples. Theta=94.527638 
CHI2 before optimization:  25.7619 
Execution time: 0.00 seconds
Minimization using L-BFGS-B successful (iterations:4)
CHI2 after optimization:  25.6872 
Fraction of effective frames:   0.9872 
Warm start
Optimizing 67 data and 400 samples. Theta=95.025126 
CHI2 before optimization:  25.7619 
Execution time: 0.00 seconds
Minimization using L-BFGS-B successful (iterations:4)
CHI2 after optimization:  25.6876 
Fraction of effective frames:   0.9874 
Warm start
Optimizing 67 data and 400 samples. Theta=95.522613 
CHI2 before optimization:  25.7619 
Execution time: 0.00 seconds
Minimization using L-BFGS-B successful (iterations:4)
CHI2 after optimization:  25.6880 
Fraction of effective frames:   0.9875 
Warm start
Optimizing 67 data and 400 samples. Theta=96.020101 
CHI2 before optimization:  25.7619 
Execution time: 0.00 seconds
Minimization using L-BFGS-B successful (iterations:4)
CHI2 after optimization:  25.6883 
Fraction of effective frames:   0.9876 
Warm start
Optimizing 67 data and 400 samples. Theta=96.517588 
CHI2 before optimization:  25.7619 
Execution time: 0.00 seconds
Minimization using L-BFGS-B successful (iterations:4)
CHI2 after optimization:  25.6887 
Fraction of effective frames:   0.9877 
Warm start
Optimizing 67 data and 400 samples. Theta=97.015075 
CHI2 before optimization:  25.7619 
Execution time: 0.00 seconds
Minimization using L-BFGS-B successful (iterations:4)
CHI2 after optimization:  25.6890 
Fraction of effective frames:   0.9878 
Warm start
Optimizing 67 data and 400 samples. Theta=97.512563 
CHI2 before optimization:  25.7619 
Execution time: 0.00 seconds
Minimization using L-BFGS-B successful (iterations:4)
CHI2 after optimization:  25.6893 
Fraction of effective frames:   0.9879 
Warm start
Optimizing 67 data and 400 samples. Theta=98.010050 
CHI2 before optimization:  25.7619 
Execution time: 0.00 seconds
Minimization using L-BFGS-B successful (iterations:4)
CHI2 after optimization:  25.6897 
Fraction of effective frames:   0.9881 
Warm start
Optimizing 67 data and 400 samples. Theta=98.507538 
CHI2 before optimization:  25.7619 
Execution time: 0.00 seconds
Minimization using L-BFGS-B successful (iterations:4)
CHI2 after optimization:  25.6900 
Fraction of effective frames:   0.9882 
Warm start
Optimizing 67 data and 400 samples. Theta=99.005025 
CHI2 before optimization:  25.7619 
Execution time: 0.00 seconds
Minimization using L-BFGS-B successful (iterations:4)
CHI2 after optimization:  25.6904 
Fraction of effective frames:   0.9883 
Warm start
Optimizing 67 data and 400 samples. Theta=99.502513 
CHI2 before optimization:  25.7619 
Execution time: 0.00 seconds
Minimization using L-BFGS-B successful (iterations:4)
CHI2 after optimization:  25.6907 
Fraction of effective frames:   0.9884 
Warm start
Optimizing 67 data and 400 samples. Theta=100.000000 
CHI2 before optimization:  25.7619 
Execution time: 0.00 seconds
Minimization using L-BFGS-B successful (iterations:4)
CHI2 after optimization:  25.6910 
Fraction of effective frames:   0.9885 
