Lagrange multipliers initialized from zero
Optimizing 67 data and 400 samples. Theta=1.000000 
CHI2 before optimization:  24.6701 
Execution time: 0.00 seconds
Minimization using L-BFGS-B successful (iterations:12)
CHI2 after optimization:  23.8856 
Fraction of effective frames:   0.0396 
Warm start
Optimizing 67 data and 400 samples. Theta=1.497487 
CHI2 before optimization:  24.6701 
Execution time: 0.00 seconds
Minimization using L-BFGS-B successful (iterations:10)
CHI2 after optimization:  23.9058 
Fraction of effective frames:   0.0688 
Warm start
Optimizing 67 data and 400 samples. Theta=1.994975 
CHI2 before optimization:  24.6701 
Execution time: 0.00 seconds
Minimization using L-BFGS-B successful (iterations:10)
CHI2 after optimization:  23.9235 
Fraction of effective frames:   0.0968 
Warm start
Optimizing 67 data and 400 samples. Theta=2.492462 
CHI2 before optimization:  24.6701 
Execution time: 0.00 seconds
Minimization using L-BFGS-B successful (iterations:9)
CHI2 after optimization:  23.9394 
Fraction of effective frames:   0.1230 
Warm start
Optimizing 67 data and 400 samples. Theta=2.989950 
CHI2 before optimization:  24.6701 
Execution time: 0.00 seconds
Minimization using L-BFGS-B successful (iterations:9)
CHI2 after optimization:  23.9548 
Fraction of effective frames:   0.1485 
Warm start
Optimizing 67 data and 400 samples. Theta=3.487437 
CHI2 before optimization:  24.6701 
Execution time: 0.00 seconds
Minimization using L-BFGS-B successful (iterations:9)
CHI2 after optimization:  23.9702 
Fraction of effective frames:   0.1743 
Warm start
Optimizing 67 data and 400 samples. Theta=3.984925 
CHI2 before optimization:  24.6701 
Execution time: 0.00 seconds
Minimization using L-BFGS-B successful (iterations:9)
CHI2 after optimization:  23.9860 
Fraction of effective frames:   0.2009 
Warm start
Optimizing 67 data and 400 samples. Theta=4.482412 
CHI2 before optimization:  24.6701 
Execution time: 0.00 seconds
Minimization using L-BFGS-B successful (iterations:8)
CHI2 after optimization:  24.0023 
Fraction of effective frames:   0.2284 
Warm start
Optimizing 67 data and 400 samples. Theta=4.979899 
CHI2 before optimization:  24.6701 
Execution time: 0.00 seconds
Minimization using L-BFGS-B successful (iterations:8)
CHI2 after optimization:  24.0187 
Fraction of effective frames:   0.2567 
Warm start
Optimizing 67 data and 400 samples. Theta=5.477387 
CHI2 before optimization:  24.6701 
Execution time: 0.00 seconds
Minimization using L-BFGS-B successful (iterations:8)
CHI2 after optimization:  24.0353 
Fraction of effective frames:   0.2854 
Warm start
Optimizing 67 data and 400 samples. Theta=5.974874 
CHI2 before optimization:  24.6701 
Execution time: 0.00 seconds
Minimization using L-BFGS-B successful (iterations:8)
CHI2 after optimization:  24.0517 
Fraction of effective frames:   0.3142 
Warm start
Optimizing 67 data and 400 samples. Theta=6.472362 
CHI2 before optimization:  24.6701 
Execution time: 0.00 seconds
Minimization using L-BFGS-B successful (iterations:7)
CHI2 after optimization:  24.0679 
Fraction of effective frames:   0.3428 
Warm start
Optimizing 67 data and 400 samples. Theta=6.969849 
CHI2 before optimization:  24.6701 
Execution time: 0.00 seconds
Minimization using L-BFGS-B successful (iterations:7)
CHI2 after optimization:  24.0836 
Fraction of effective frames:   0.3708 
Warm start
Optimizing 67 data and 400 samples. Theta=7.467337 
CHI2 before optimization:  24.6701 
Execution time: 0.00 seconds
Minimization using L-BFGS-B successful (iterations:7)
CHI2 after optimization:  24.0989 
Fraction of effective frames:   0.3980 
Warm start
Optimizing 67 data and 400 samples. Theta=7.964824 
CHI2 before optimization:  24.6701 
Execution time: 0.00 seconds
Minimization using L-BFGS-B successful (iterations:7)
CHI2 after optimization:  24.1136 
Fraction of effective frames:   0.4244 
Warm start
Optimizing 67 data and 400 samples. Theta=8.462312 
CHI2 before optimization:  24.6701 
Execution time: 0.00 seconds
Minimization using L-BFGS-B successful (iterations:7)
CHI2 after optimization:  24.1278 
Fraction of effective frames:   0.4497 
Warm start
Optimizing 67 data and 400 samples. Theta=8.959799 
CHI2 before optimization:  24.6701 
Execution time: 0.00 seconds
Minimization using L-BFGS-B successful (iterations:7)
CHI2 after optimization:  24.1415 
Fraction of effective frames:   0.4740 
Warm start
Optimizing 67 data and 400 samples. Theta=9.457286 
CHI2 before optimization:  24.6701 
Execution time: 0.00 seconds
Minimization using L-BFGS-B successful (iterations:7)
CHI2 after optimization:  24.1546 
Fraction of effective frames:   0.4971 
Warm start
Optimizing 67 data and 400 samples. Theta=9.954774 
CHI2 before optimization:  24.6701 
Execution time: 0.00 seconds
Minimization using L-BFGS-B successful (iterations:7)
CHI2 after optimization:  24.1671 
Fraction of effective frames:   0.5191 
Warm start
Optimizing 67 data and 400 samples. Theta=10.452261 
CHI2 before optimization:  24.6701 
Execution time: 0.00 seconds
Minimization using L-BFGS-B successful (iterations:7)
CHI2 after optimization:  24.1791 
Fraction of effective frames:   0.5400 
Warm start
Optimizing 67 data and 400 samples. Theta=10.949749 
CHI2 before optimization:  24.6701 
Execution time: 0.00 seconds
Minimization using L-BFGS-B successful (iterations:7)
CHI2 after optimization:  24.1907 
Fraction of effective frames:   0.5598 
Warm start
Optimizing 67 data and 400 samples. Theta=11.447236 
CHI2 before optimization:  24.6701 
Execution time: 0.00 seconds
Minimization using L-BFGS-B successful (iterations:7)
CHI2 after optimization:  24.2017 
Fraction of effective frames:   0.5786 
Warm start
Optimizing 67 data and 400 samples. Theta=11.944724 
CHI2 before optimization:  24.6701 
Execution time: 0.00 seconds
Minimization using L-BFGS-B successful (iterations:7)
CHI2 after optimization:  24.2123 
Fraction of effective frames:   0.5964 
Warm start
Optimizing 67 data and 400 samples. Theta=12.442211 
CHI2 before optimization:  24.6701 
Execution time: 0.00 seconds
Minimization using L-BFGS-B successful (iterations:7)
CHI2 after optimization:  24.2224 
Fraction of effective frames:   0.6132 
Warm start
Optimizing 67 data and 400 samples. Theta=12.939698 
CHI2 before optimization:  24.6701 
Execution time: 0.00 seconds
Minimization using L-BFGS-B successful (iterations:7)
CHI2 after optimization:  24.2321 
Fraction of effective frames:   0.6292 
Warm start
Optimizing 67 data and 400 samples. Theta=13.437186 
CHI2 before optimization:  24.6701 
Execution time: 0.00 seconds
Minimization using L-BFGS-B successful (iterations:7)
CHI2 after optimization:  24.2414 
Fraction of effective frames:   0.6442 
Warm start
Optimizing 67 data and 400 samples. Theta=13.934673 
CHI2 before optimization:  24.6701 
Execution time: 0.00 seconds
Minimization using L-BFGS-B successful (iterations:7)
CHI2 after optimization:  24.2504 
Fraction of effective frames:   0.6585 
Warm start
Optimizing 67 data and 400 samples. Theta=14.432161 
CHI2 before optimization:  24.6701 
Execution time: 0.00 seconds
Minimization using L-BFGS-B successful (iterations:7)
CHI2 after optimization:  24.2590 
Fraction of effective frames:   0.6720 
Warm start
Optimizing 67 data and 400 samples. Theta=14.929648 
CHI2 before optimization:  24.6701 
Execution time: 0.00 seconds
Minimization using L-BFGS-B successful (iterations:7)
CHI2 after optimization:  24.2672 
Fraction of effective frames:   0.6848 
Warm start
Optimizing 67 data and 400 samples. Theta=15.427136 
CHI2 before optimization:  24.6701 
Execution time: 0.00 seconds
Minimization using L-BFGS-B successful (iterations:7)
CHI2 after optimization:  24.2752 
Fraction of effective frames:   0.6969 
Warm start
Optimizing 67 data and 400 samples. Theta=15.924623 
CHI2 before optimization:  24.6701 
Execution time: 0.00 seconds
Minimization using L-BFGS-B successful (iterations:6)
CHI2 after optimization:  24.2828 
Fraction of effective frames:   0.7084 
Warm start
Optimizing 67 data and 400 samples. Theta=16.422111 
CHI2 before optimization:  24.6701 
Execution time: 0.00 seconds
Minimization using L-BFGS-B successful (iterations:6)
CHI2 after optimization:  24.2902 
Fraction of effective frames:   0.7193 
Warm start
Optimizing 67 data and 400 samples. Theta=16.919598 
CHI2 before optimization:  24.6701 
Execution time: 0.00 seconds
Minimization using L-BFGS-B successful (iterations:6)
CHI2 after optimization:  24.2972 
Fraction of effective frames:   0.7296 
Warm start
Optimizing 67 data and 400 samples. Theta=17.417085 
CHI2 before optimization:  24.6701 
Execution time: 0.00 seconds
Minimization using L-BFGS-B successful (iterations:6)
CHI2 after optimization:  24.3041 
Fraction of effective frames:   0.7394 
Warm start
Optimizing 67 data and 400 samples. Theta=17.914573 
CHI2 before optimization:  24.6701 
Execution time: 0.00 seconds
Minimization using L-BFGS-B successful (iterations:6)
CHI2 after optimization:  24.3107 
Fraction of effective frames:   0.7487 
Warm start
Optimizing 67 data and 400 samples. Theta=18.412060 
CHI2 before optimization:  24.6701 
Execution time: 0.00 seconds
Minimization using L-BFGS-B successful (iterations:6)
CHI2 after optimization:  24.3171 
Fraction of effective frames:   0.7576 
Warm start
Optimizing 67 data and 400 samples. Theta=18.909548 
CHI2 before optimization:  24.6701 
Execution time: 0.00 seconds
Minimization using L-BFGS-B successful (iterations:6)
CHI2 after optimization:  24.3232 
Fraction of effective frames:   0.7660 
Warm start
Optimizing 67 data and 400 samples. Theta=19.407035 
CHI2 before optimization:  24.6701 
Execution time: 0.00 seconds
Minimization using L-BFGS-B successful (iterations:6)
CHI2 after optimization:  24.3292 
Fraction of effective frames:   0.7740 
Warm start
Optimizing 67 data and 400 samples. Theta=19.904523 
CHI2 before optimization:  24.6701 
Execution time: 0.00 seconds
Minimization using L-BFGS-B successful (iterations:6)
CHI2 after optimization:  24.3349 
Fraction of effective frames:   0.7816 
Warm start
Optimizing 67 data and 400 samples. Theta=20.402010 
CHI2 before optimization:  24.6701 
Execution time: 0.00 seconds
Minimization using L-BFGS-B successful (iterations:6)
CHI2 after optimization:  24.3405 
Fraction of effective frames:   0.7889 
Warm start
Optimizing 67 data and 400 samples. Theta=20.899497 
CHI2 before optimization:  24.6701 
Execution time: 0.00 seconds
Minimization using L-BFGS-B successful (iterations:6)
CHI2 after optimization:  24.3459 
Fraction of effective frames:   0.7958 
Warm start
Optimizing 67 data and 400 samples. Theta=21.396985 
CHI2 before optimization:  24.6701 
Execution time: 0.00 seconds
Minimization using L-BFGS-B successful (iterations:6)
CHI2 after optimization:  24.3511 
Fraction of effective frames:   0.8024 
Warm start
Optimizing 67 data and 400 samples. Theta=21.894472 
CHI2 before optimization:  24.6701 
Execution time: 0.00 seconds
Minimization using L-BFGS-B successful (iterations:6)
CHI2 after optimization:  24.3561 
Fraction of effective frames:   0.8087 
Warm start
Optimizing 67 data and 400 samples. Theta=22.391960 
CHI2 before optimization:  24.6701 
Execution time: 0.00 seconds
Minimization using L-BFGS-B successful (iterations:6)
CHI2 after optimization:  24.3610 
Fraction of effective frames:   0.8147 
Warm start
Optimizing 67 data and 400 samples. Theta=22.889447 
CHI2 before optimization:  24.6701 
Execution time: 0.00 seconds
Minimization using L-BFGS-B successful (iterations:6)
CHI2 after optimization:  24.3658 
Fraction of effective frames:   0.8205 
Warm start
Optimizing 67 data and 400 samples. Theta=23.386935 
CHI2 before optimization:  24.6701 
Execution time: 0.00 seconds
Minimization using L-BFGS-B successful (iterations:6)
CHI2 after optimization:  24.3704 
Fraction of effective frames:   0.8260 
Warm start
Optimizing 67 data and 400 samples. Theta=23.884422 
CHI2 before optimization:  24.6701 
Execution time: 0.00 seconds
Minimization using L-BFGS-B successful (iterations:6)
CHI2 after optimization:  24.3749 
Fraction of effective frames:   0.8312 
Warm start
Optimizing 67 data and 400 samples. Theta=24.381910 
CHI2 before optimization:  24.6701 
Execution time: 0.00 seconds
Minimization using L-BFGS-B successful (iterations:6)
CHI2 after optimization:  24.3792 
Fraction of effective frames:   0.8363 
Warm start
Optimizing 67 data and 400 samples. Theta=24.879397 
CHI2 before optimization:  24.6701 
Execution time: 0.00 seconds
Minimization using L-BFGS-B successful (iterations:6)
CHI2 after optimization:  24.3834 
Fraction of effective frames:   0.8411 
Warm start
Optimizing 67 data and 400 samples. Theta=25.376884 
CHI2 before optimization:  24.6701 
Execution time: 0.00 seconds
Minimization using L-BFGS-B successful (iterations:6)
CHI2 after optimization:  24.3875 
Fraction of effective frames:   0.8457 
Warm start
Optimizing 67 data and 400 samples. Theta=25.874372 
CHI2 before optimization:  24.6701 
Execution time: 0.00 seconds
Minimization using L-BFGS-B successful (iterations:6)
CHI2 after optimization:  24.3915 
Fraction of effective frames:   0.8501 
Warm start
Optimizing 67 data and 400 samples. Theta=26.371859 
CHI2 before optimization:  24.6701 
Execution time: 0.00 seconds
Minimization using L-BFGS-B successful (iterations:6)
CHI2 after optimization:  24.3954 
Fraction of effective frames:   0.8544 
Warm start
Optimizing 67 data and 400 samples. Theta=26.869347 
CHI2 before optimization:  24.6701 
Execution time: 0.00 seconds
Minimization using L-BFGS-B successful (iterations:6)
CHI2 after optimization:  24.3992 
Fraction of effective frames:   0.8584 
Warm start
Optimizing 67 data and 400 samples. Theta=27.366834 
CHI2 before optimization:  24.6701 
Execution time: 0.00 seconds
Minimization using L-BFGS-B successful (iterations:6)
CHI2 after optimization:  24.4028 
Fraction of effective frames:   0.8623 
Warm start
Optimizing 67 data and 400 samples. Theta=27.864322 
CHI2 before optimization:  24.6701 
Execution time: 0.00 seconds
Minimization using L-BFGS-B successful (iterations:6)
CHI2 after optimization:  24.4064 
Fraction of effective frames:   0.8661 
Warm start
Optimizing 67 data and 400 samples. Theta=28.361809 
CHI2 before optimization:  24.6701 
Execution time: 0.00 seconds
Minimization using L-BFGS-B successful (iterations:6)
CHI2 after optimization:  24.4099 
Fraction of effective frames:   0.8697 
Warm start
Optimizing 67 data and 400 samples. Theta=28.859296 
CHI2 before optimization:  24.6701 
Execution time: 0.00 seconds
Minimization using L-BFGS-B successful (iterations:6)
CHI2 after optimization:  24.4133 
Fraction of effective frames:   0.8732 
Warm start
Optimizing 67 data and 400 samples. Theta=29.356784 
CHI2 before optimization:  24.6701 
Execution time: 0.00 seconds
Minimization using L-BFGS-B successful (iterations:6)
CHI2 after optimization:  24.4166 
Fraction of effective frames:   0.8765 
Warm start
Optimizing 67 data and 400 samples. Theta=29.854271 
CHI2 before optimization:  24.6701 
Execution time: 0.00 seconds
Minimization using L-BFGS-B successful (iterations:6)
CHI2 after optimization:  24.4198 
Fraction of effective frames:   0.8797 
Warm start
Optimizing 67 data and 400 samples. Theta=30.351759 
CHI2 before optimization:  24.6701 
Execution time: 0.00 seconds
Minimization using L-BFGS-B successful (iterations:5)
CHI2 after optimization:  24.4229 
Fraction of effective frames:   0.8827 
Warm start
Optimizing 67 data and 400 samples. Theta=30.849246 
CHI2 before optimization:  24.6701 
Execution time: 0.00 seconds
Minimization using L-BFGS-B successful (iterations:5)
CHI2 after optimization:  24.4261 
Fraction of effective frames:   0.8858 
Warm start
Optimizing 67 data and 400 samples. Theta=31.346734 
CHI2 before optimization:  24.6701 
Execution time: 0.00 seconds
Minimization using L-BFGS-B successful (iterations:5)
CHI2 after optimization:  24.4291 
Fraction of effective frames:   0.8886 
Warm start
Optimizing 67 data and 400 samples. Theta=31.844221 
CHI2 before optimization:  24.6701 
Execution time: 0.00 seconds
Minimization using L-BFGS-B successful (iterations:5)
CHI2 after optimization:  24.4320 
Fraction of effective frames:   0.8914 
Warm start
Optimizing 67 data and 400 samples. Theta=32.341709 
CHI2 before optimization:  24.6701 
Execution time: 0.00 seconds
Minimization using L-BFGS-B successful (iterations:5)
CHI2 after optimization:  24.4348 
Fraction of effective frames:   0.8941 
Warm start
Optimizing 67 data and 400 samples. Theta=32.839196 
CHI2 before optimization:  24.6701 
Execution time: 0.00 seconds
Minimization using L-BFGS-B successful (iterations:5)
CHI2 after optimization:  24.4376 
Fraction of effective frames:   0.8966 
Warm start
Optimizing 67 data and 400 samples. Theta=33.336683 
CHI2 before optimization:  24.6701 
Execution time: 0.00 seconds
Minimization using L-BFGS-B successful (iterations:5)
CHI2 after optimization:  24.4404 
Fraction of effective frames:   0.8991 
Warm start
Optimizing 67 data and 400 samples. Theta=33.834171 
CHI2 before optimization:  24.6701 
Execution time: 0.00 seconds
Minimization using L-BFGS-B successful (iterations:5)
CHI2 after optimization:  24.4430 
Fraction of effective frames:   0.9015 
Warm start
Optimizing 67 data and 400 samples. Theta=34.331658 
CHI2 before optimization:  24.6701 
Execution time: 0.00 seconds
Minimization using L-BFGS-B successful (iterations:5)
CHI2 after optimization:  24.4456 
Fraction of effective frames:   0.9038 
Warm start
Optimizing 67 data and 400 samples. Theta=34.829146 
CHI2 before optimization:  24.6701 
Execution time: 0.00 seconds
Minimization using L-BFGS-B successful (iterations:5)
CHI2 after optimization:  24.4482 
Fraction of effective frames:   0.9060 
Warm start
Optimizing 67 data and 400 samples. Theta=35.326633 
CHI2 before optimization:  24.6701 
Execution time: 0.00 seconds
Minimization using L-BFGS-B successful (iterations:5)
CHI2 after optimization:  24.4506 
Fraction of effective frames:   0.9082 
Warm start
Optimizing 67 data and 400 samples. Theta=35.824121 
CHI2 before optimization:  24.6701 
Execution time: 0.00 seconds
Minimization using L-BFGS-B successful (iterations:5)
CHI2 after optimization:  24.4531 
Fraction of effective frames:   0.9102 
Warm start
Optimizing 67 data and 400 samples. Theta=36.321608 
CHI2 before optimization:  24.6701 
Execution time: 0.00 seconds
Minimization using L-BFGS-B successful (iterations:5)
CHI2 after optimization:  24.4554 
Fraction of effective frames:   0.9123 
Warm start
Optimizing 67 data and 400 samples. Theta=36.819095 
CHI2 before optimization:  24.6701 
Execution time: 0.00 seconds
Minimization using L-BFGS-B successful (iterations:5)
CHI2 after optimization:  24.4578 
Fraction of effective frames:   0.9142 
Warm start
Optimizing 67 data and 400 samples. Theta=37.316583 
CHI2 before optimization:  24.6701 
Execution time: 0.00 seconds
Minimization using L-BFGS-B successful (iterations:5)
CHI2 after optimization:  24.4600 
Fraction of effective frames:   0.9161 
Warm start
Optimizing 67 data and 400 samples. Theta=37.814070 
CHI2 before optimization:  24.6701 
Execution time: 0.00 seconds
Minimization using L-BFGS-B successful (iterations:5)
CHI2 after optimization:  24.4623 
Fraction of effective frames:   0.9179 
Warm start
Optimizing 67 data and 400 samples. Theta=38.311558 
CHI2 before optimization:  24.6701 
Execution time: 0.00 seconds
Minimization using L-BFGS-B successful (iterations:5)
CHI2 after optimization:  24.4645 
Fraction of effective frames:   0.9197 
Warm start
Optimizing 67 data and 400 samples. Theta=38.809045 
CHI2 before optimization:  24.6701 
Execution time: 0.00 seconds
Minimization using L-BFGS-B successful (iterations:5)
CHI2 after optimization:  24.4666 
Fraction of effective frames:   0.9214 
Warm start
Optimizing 67 data and 400 samples. Theta=39.306533 
CHI2 before optimization:  24.6701 
Execution time: 0.00 seconds
Minimization using L-BFGS-B successful (iterations:5)
CHI2 after optimization:  24.4687 
Fraction of effective frames:   0.9230 
Warm start
Optimizing 67 data and 400 samples. Theta=39.804020 
CHI2 before optimization:  24.6701 
Execution time: 0.00 seconds
Minimization using L-BFGS-B successful (iterations:5)
CHI2 after optimization:  24.4707 
Fraction of effective frames:   0.9246 
Warm start
Optimizing 67 data and 400 samples. Theta=40.301508 
CHI2 before optimization:  24.6701 
Execution time: 0.00 seconds
Minimization using L-BFGS-B successful (iterations:5)
CHI2 after optimization:  24.4728 
Fraction of effective frames:   0.9262 
Warm start
Optimizing 67 data and 400 samples. Theta=40.798995 
CHI2 before optimization:  24.6701 
Execution time: 0.00 seconds
Minimization using L-BFGS-B successful (iterations:5)
CHI2 after optimization:  24.4747 
Fraction of effective frames:   0.9277 
Warm start
Optimizing 67 data and 400 samples. Theta=41.296482 
CHI2 before optimization:  24.6701 
Execution time: 0.00 seconds
Minimization using L-BFGS-B successful (iterations:5)
CHI2 after optimization:  24.4767 
Fraction of effective frames:   0.9292 
Warm start
Optimizing 67 data and 400 samples. Theta=41.793970 
CHI2 before optimization:  24.6701 
Execution time: 0.00 seconds
Minimization using L-BFGS-B successful (iterations:5)
CHI2 after optimization:  24.4786 
Fraction of effective frames:   0.9306 
Warm start
Optimizing 67 data and 400 samples. Theta=42.291457 
CHI2 before optimization:  24.6701 
Execution time: 0.00 seconds
Minimization using L-BFGS-B successful (iterations:5)
CHI2 after optimization:  24.4804 
Fraction of effective frames:   0.9320 
Warm start
Optimizing 67 data and 400 samples. Theta=42.788945 
CHI2 before optimization:  24.6701 
Execution time: 0.00 seconds
Minimization using L-BFGS-B successful (iterations:5)
CHI2 after optimization:  24.4822 
Fraction of effective frames:   0.9333 
Warm start
Optimizing 67 data and 400 samples. Theta=43.286432 
CHI2 before optimization:  24.6701 
Execution time: 0.00 seconds
Minimization using L-BFGS-B successful (iterations:5)
CHI2 after optimization:  24.4840 
Fraction of effective frames:   0.9346 
Warm start
Optimizing 67 data and 400 samples. Theta=43.783920 
CHI2 before optimization:  24.6701 
Execution time: 0.00 seconds
Minimization using L-BFGS-B successful (iterations:5)
CHI2 after optimization:  24.4858 
Fraction of effective frames:   0.9359 
Warm start
Optimizing 67 data and 400 samples. Theta=44.281407 
CHI2 before optimization:  24.6701 
Execution time: 0.00 seconds
Minimization using L-BFGS-B successful (iterations:5)
CHI2 after optimization:  24.4875 
Fraction of effective frames:   0.9371 
Warm start
Optimizing 67 data and 400 samples. Theta=44.778894 
CHI2 before optimization:  24.6701 
Execution time: 0.00 seconds
Minimization using L-BFGS-B successful (iterations:5)
CHI2 after optimization:  24.4892 
Fraction of effective frames:   0.9383 
Warm start
Optimizing 67 data and 400 samples. Theta=45.276382 
CHI2 before optimization:  24.6701 
Execution time: 0.00 seconds
Minimization using L-BFGS-B successful (iterations:5)
CHI2 after optimization:  24.4909 
Fraction of effective frames:   0.9395 
Warm start
Optimizing 67 data and 400 samples. Theta=45.773869 
CHI2 before optimization:  24.6701 
Execution time: 0.00 seconds
Minimization using L-BFGS-B successful (iterations:5)
CHI2 after optimization:  24.4925 
Fraction of effective frames:   0.9406 
Warm start
Optimizing 67 data and 400 samples. Theta=46.271357 
CHI2 before optimization:  24.6701 
Execution time: 0.00 seconds
Minimization using L-BFGS-B successful (iterations:5)
CHI2 after optimization:  24.4941 
Fraction of effective frames:   0.9417 
Warm start
Optimizing 67 data and 400 samples. Theta=46.768844 
CHI2 before optimization:  24.6701 
Execution time: 0.00 seconds
Minimization using L-BFGS-B successful (iterations:5)
CHI2 after optimization:  24.4957 
Fraction of effective frames:   0.9428 
Warm start
Optimizing 67 data and 400 samples. Theta=47.266332 
CHI2 before optimization:  24.6701 
Execution time: 0.00 seconds
Minimization using L-BFGS-B successful (iterations:5)
CHI2 after optimization:  24.4972 
Fraction of effective frames:   0.9438 
Warm start
Optimizing 67 data and 400 samples. Theta=47.763819 
CHI2 before optimization:  24.6701 
Execution time: 0.00 seconds
Minimization using L-BFGS-B successful (iterations:5)
CHI2 after optimization:  24.4987 
Fraction of effective frames:   0.9448 
Warm start
Optimizing 67 data and 400 samples. Theta=48.261307 
CHI2 before optimization:  24.6701 
Execution time: 0.00 seconds
Minimization using L-BFGS-B successful (iterations:5)
CHI2 after optimization:  24.5002 
Fraction of effective frames:   0.9458 
Warm start
Optimizing 67 data and 400 samples. Theta=48.758794 
CHI2 before optimization:  24.6701 
Execution time: 0.00 seconds
Minimization using L-BFGS-B successful (iterations:5)
CHI2 after optimization:  24.5017 
Fraction of effective frames:   0.9467 
Warm start
Optimizing 67 data and 400 samples. Theta=49.256281 
CHI2 before optimization:  24.6701 
Execution time: 0.00 seconds
Minimization using L-BFGS-B successful (iterations:5)
CHI2 after optimization:  24.5031 
Fraction of effective frames:   0.9477 
Warm start
Optimizing 67 data and 400 samples. Theta=49.753769 
CHI2 before optimization:  24.6701 
Execution time: 0.00 seconds
Minimization using L-BFGS-B successful (iterations:5)
CHI2 after optimization:  24.5046 
Fraction of effective frames:   0.9486 
Warm start
Optimizing 67 data and 400 samples. Theta=50.251256 
CHI2 before optimization:  24.6701 
Execution time: 0.00 seconds
Minimization using L-BFGS-B successful (iterations:5)
CHI2 after optimization:  24.5059 
Fraction of effective frames:   0.9495 
Warm start
Optimizing 67 data and 400 samples. Theta=50.748744 
CHI2 before optimization:  24.6701 
Execution time: 0.00 seconds
Minimization using L-BFGS-B successful (iterations:5)
CHI2 after optimization:  24.5073 
Fraction of effective frames:   0.9503 
Warm start
Optimizing 67 data and 400 samples. Theta=51.246231 
CHI2 before optimization:  24.6701 
Execution time: 0.00 seconds
Minimization using L-BFGS-B successful (iterations:5)
CHI2 after optimization:  24.5087 
Fraction of effective frames:   0.9512 
Warm start
Optimizing 67 data and 400 samples. Theta=51.743719 
CHI2 before optimization:  24.6701 
Execution time: 0.00 seconds
Minimization using L-BFGS-B successful (iterations:5)
CHI2 after optimization:  24.5100 
Fraction of effective frames:   0.9520 
Warm start
Optimizing 67 data and 400 samples. Theta=52.241206 
CHI2 before optimization:  24.6701 
Execution time: 0.00 seconds
Minimization using L-BFGS-B successful (iterations:5)
CHI2 after optimization:  24.5113 
Fraction of effective frames:   0.9528 
Warm start
Optimizing 67 data and 400 samples. Theta=52.738693 
CHI2 before optimization:  24.6701 
Execution time: 0.00 seconds
Minimization using L-BFGS-B successful (iterations:5)
CHI2 after optimization:  24.5126 
Fraction of effective frames:   0.9536 
Warm start
Optimizing 67 data and 400 samples. Theta=53.236181 
CHI2 before optimization:  24.6701 
Execution time: 0.00 seconds
Minimization using L-BFGS-B successful (iterations:5)
CHI2 after optimization:  24.5138 
Fraction of effective frames:   0.9543 
Warm start
Optimizing 67 data and 400 samples. Theta=53.733668 
CHI2 before optimization:  24.6701 
Execution time: 0.00 seconds
Minimization using L-BFGS-B successful (iterations:5)
CHI2 after optimization:  24.5151 
Fraction of effective frames:   0.9551 
Warm start
Optimizing 67 data and 400 samples. Theta=54.231156 
CHI2 before optimization:  24.6701 
Execution time: 0.00 seconds
Minimization using L-BFGS-B successful (iterations:5)
CHI2 after optimization:  24.5163 
Fraction of effective frames:   0.9558 
Warm start
Optimizing 67 data and 400 samples. Theta=54.728643 
CHI2 before optimization:  24.6701 
Execution time: 0.00 seconds
Minimization using L-BFGS-B successful (iterations:5)
CHI2 after optimization:  24.5175 
Fraction of effective frames:   0.9565 
Warm start
Optimizing 67 data and 400 samples. Theta=55.226131 
CHI2 before optimization:  24.6701 
Execution time: 0.00 seconds
Minimization using L-BFGS-B successful (iterations:5)
CHI2 after optimization:  24.5187 
Fraction of effective frames:   0.9572 
Warm start
Optimizing 67 data and 400 samples. Theta=55.723618 
CHI2 before optimization:  24.6701 
Execution time: 0.00 seconds
Minimization using L-BFGS-B successful (iterations:5)
CHI2 after optimization:  24.5199 
Fraction of effective frames:   0.9579 
Warm start
Optimizing 67 data and 400 samples. Theta=56.221106 
CHI2 before optimization:  24.6701 
Execution time: 0.00 seconds
Minimization using L-BFGS-B successful (iterations:5)
CHI2 after optimization:  24.5210 
Fraction of effective frames:   0.9586 
Warm start
Optimizing 67 data and 400 samples. Theta=56.718593 
CHI2 before optimization:  24.6701 
Execution time: 0.00 seconds
Minimization using L-BFGS-B successful (iterations:5)
CHI2 after optimization:  24.5222 
Fraction of effective frames:   0.9592 
Warm start
Optimizing 67 data and 400 samples. Theta=57.216080 
CHI2 before optimization:  24.6701 
Execution time: 0.00 seconds
Minimization using L-BFGS-B successful (iterations:5)
CHI2 after optimization:  24.5233 
Fraction of effective frames:   0.9598 
Warm start
Optimizing 67 data and 400 samples. Theta=57.713568 
CHI2 before optimization:  24.6701 
Execution time: 0.00 seconds
Minimization using L-BFGS-B successful (iterations:5)
CHI2 after optimization:  24.5244 
Fraction of effective frames:   0.9604 
Warm start
Optimizing 67 data and 400 samples. Theta=58.211055 
CHI2 before optimization:  24.6701 
Execution time: 0.00 seconds
Minimization using L-BFGS-B successful (iterations:5)
CHI2 after optimization:  24.5255 
Fraction of effective frames:   0.9610 
Warm start
Optimizing 67 data and 400 samples. Theta=58.708543 
CHI2 before optimization:  24.6701 
Execution time: 0.00 seconds
Minimization using L-BFGS-B successful (iterations:5)
CHI2 after optimization:  24.5265 
Fraction of effective frames:   0.9616 
Warm start
Optimizing 67 data and 400 samples. Theta=59.206030 
CHI2 before optimization:  24.6701 
Execution time: 0.00 seconds
Minimization using L-BFGS-B successful (iterations:5)
CHI2 after optimization:  24.5276 
Fraction of effective frames:   0.9622 
Warm start
Optimizing 67 data and 400 samples. Theta=59.703518 
CHI2 before optimization:  24.6701 
Execution time: 0.00 seconds
Minimization using L-BFGS-B successful (iterations:5)
CHI2 after optimization:  24.5286 
Fraction of effective frames:   0.9628 
Warm start
Optimizing 67 data and 400 samples. Theta=60.201005 
CHI2 before optimization:  24.6701 
Execution time: 0.00 seconds
Minimization using L-BFGS-B successful (iterations:5)
CHI2 after optimization:  24.5296 
Fraction of effective frames:   0.9633 
Warm start
Optimizing 67 data and 400 samples. Theta=60.698492 
CHI2 before optimization:  24.6701 
Execution time: 0.00 seconds
Minimization using L-BFGS-B successful (iterations:5)
CHI2 after optimization:  24.5306 
Fraction of effective frames:   0.9639 
Warm start
Optimizing 67 data and 400 samples. Theta=61.195980 
CHI2 before optimization:  24.6701 
Execution time: 0.00 seconds
Minimization using L-BFGS-B successful (iterations:5)
CHI2 after optimization:  24.5316 
Fraction of effective frames:   0.9644 
Warm start
Optimizing 67 data and 400 samples. Theta=61.693467 
CHI2 before optimization:  24.6701 
Execution time: 0.00 seconds
Minimization using L-BFGS-B successful (iterations:5)
CHI2 after optimization:  24.5326 
Fraction of effective frames:   0.9649 
Warm start
Optimizing 67 data and 400 samples. Theta=62.190955 
CHI2 before optimization:  24.6701 
Execution time: 0.00 seconds
Minimization using L-BFGS-B successful (iterations:5)
CHI2 after optimization:  24.5336 
Fraction of effective frames:   0.9654 
Warm start
Optimizing 67 data and 400 samples. Theta=62.688442 
CHI2 before optimization:  24.6701 
Execution time: 0.00 seconds
Minimization using L-BFGS-B successful (iterations:5)
CHI2 after optimization:  24.5345 
Fraction of effective frames:   0.9659 
Warm start
Optimizing 67 data and 400 samples. Theta=63.185930 
CHI2 before optimization:  24.6701 
Execution time: 0.00 seconds
Minimization using L-BFGS-B successful (iterations:5)
CHI2 after optimization:  24.5355 
Fraction of effective frames:   0.9664 
Warm start
Optimizing 67 data and 400 samples. Theta=63.683417 
CHI2 before optimization:  24.6701 
Execution time: 0.00 seconds
Minimization using L-BFGS-B successful (iterations:5)
CHI2 after optimization:  24.5364 
Fraction of effective frames:   0.9669 
Warm start
Optimizing 67 data and 400 samples. Theta=64.180905 
CHI2 before optimization:  24.6701 
Execution time: 0.00 seconds
Minimization using L-BFGS-B successful (iterations:5)
CHI2 after optimization:  24.5373 
Fraction of effective frames:   0.9673 
Warm start
Optimizing 67 data and 400 samples. Theta=64.678392 
CHI2 before optimization:  24.6701 
Execution time: 0.00 seconds
Minimization using L-BFGS-B successful (iterations:5)
CHI2 after optimization:  24.5382 
Fraction of effective frames:   0.9678 
Warm start
Optimizing 67 data and 400 samples. Theta=65.175879 
CHI2 before optimization:  24.6701 
Execution time: 0.00 seconds
Minimization using L-BFGS-B successful (iterations:5)
CHI2 after optimization:  24.5391 
Fraction of effective frames:   0.9682 
Warm start
Optimizing 67 data and 400 samples. Theta=65.673367 
CHI2 before optimization:  24.6701 
Execution time: 0.00 seconds
Minimization using L-BFGS-B successful (iterations:5)
CHI2 after optimization:  24.5400 
Fraction of effective frames:   0.9686 
Warm start
Optimizing 67 data and 400 samples. Theta=66.170854 
CHI2 before optimization:  24.6701 
Execution time: 0.00 seconds
Minimization using L-BFGS-B successful (iterations:5)
CHI2 after optimization:  24.5408 
Fraction of effective frames:   0.9691 
Warm start
Optimizing 67 data and 400 samples. Theta=66.668342 
CHI2 before optimization:  24.6701 
Execution time: 0.00 seconds
Minimization using L-BFGS-B successful (iterations:5)
CHI2 after optimization:  24.5417 
Fraction of effective frames:   0.9695 
Warm start
Optimizing 67 data and 400 samples. Theta=67.165829 
CHI2 before optimization:  24.6701 
Execution time: 0.00 seconds
Minimization using L-BFGS-B successful (iterations:5)
CHI2 after optimization:  24.5425 
Fraction of effective frames:   0.9699 
Warm start
Optimizing 67 data and 400 samples. Theta=67.663317 
CHI2 before optimization:  24.6701 
Execution time: 0.00 seconds
Minimization using L-BFGS-B successful (iterations:5)
CHI2 after optimization:  24.5434 
Fraction of effective frames:   0.9703 
Warm start
Optimizing 67 data and 400 samples. Theta=68.160804 
CHI2 before optimization:  24.6701 
Execution time: 0.00 seconds
Minimization using L-BFGS-B successful (iterations:5)
CHI2 after optimization:  24.5442 
Fraction of effective frames:   0.9707 
Warm start
Optimizing 67 data and 400 samples. Theta=68.658291 
CHI2 before optimization:  24.6701 
Execution time: 0.00 seconds
Minimization using L-BFGS-B successful (iterations:5)
CHI2 after optimization:  24.5450 
Fraction of effective frames:   0.9711 
Warm start
Optimizing 67 data and 400 samples. Theta=69.155779 
CHI2 before optimization:  24.6701 
Execution time: 0.00 seconds
Minimization using L-BFGS-B successful (iterations:5)
CHI2 after optimization:  24.5458 
Fraction of effective frames:   0.9715 
Warm start
Optimizing 67 data and 400 samples. Theta=69.653266 
CHI2 before optimization:  24.6701 
Execution time: 0.00 seconds
Minimization using L-BFGS-B successful (iterations:5)
CHI2 after optimization:  24.5466 
Fraction of effective frames:   0.9718 
Warm start
Optimizing 67 data and 400 samples. Theta=70.150754 
CHI2 before optimization:  24.6701 
Execution time: 0.00 seconds
Minimization using L-BFGS-B successful (iterations:5)
CHI2 after optimization:  24.5474 
Fraction of effective frames:   0.9722 
Warm start
Optimizing 67 data and 400 samples. Theta=70.648241 
CHI2 before optimization:  24.6701 
Execution time: 0.00 seconds
Minimization using L-BFGS-B successful (iterations:5)
CHI2 after optimization:  24.5482 
Fraction of effective frames:   0.9725 
Warm start
Optimizing 67 data and 400 samples. Theta=71.145729 
CHI2 before optimization:  24.6701 
Execution time: 0.00 seconds
Minimization using L-BFGS-B successful (iterations:5)
CHI2 after optimization:  24.5489 
Fraction of effective frames:   0.9729 
Warm start
Optimizing 67 data and 400 samples. Theta=71.643216 
CHI2 before optimization:  24.6701 
Execution time: 0.00 seconds
Minimization using L-BFGS-B successful (iterations:5)
CHI2 after optimization:  24.5497 
Fraction of effective frames:   0.9732 
Warm start
Optimizing 67 data and 400 samples. Theta=72.140704 
CHI2 before optimization:  24.6701 
Execution time: 0.00 seconds
Minimization using L-BFGS-B successful (iterations:5)
CHI2 after optimization:  24.5504 
Fraction of effective frames:   0.9736 
Warm start
Optimizing 67 data and 400 samples. Theta=72.638191 
CHI2 before optimization:  24.6701 
Execution time: 0.00 seconds
Minimization using L-BFGS-B successful (iterations:5)
CHI2 after optimization:  24.5511 
Fraction of effective frames:   0.9739 
Warm start
Optimizing 67 data and 400 samples. Theta=73.135678 
CHI2 before optimization:  24.6701 
Execution time: 0.00 seconds
Minimization using L-BFGS-B successful (iterations:5)
CHI2 after optimization:  24.5519 
Fraction of effective frames:   0.9742 
Warm start
Optimizing 67 data and 400 samples. Theta=73.633166 
CHI2 before optimization:  24.6701 
Execution time: 0.00 seconds
Minimization using L-BFGS-B successful (iterations:5)
CHI2 after optimization:  24.5526 
Fraction of effective frames:   0.9746 
Warm start
Optimizing 67 data and 400 samples. Theta=74.130653 
CHI2 before optimization:  24.6701 
Execution time: 0.00 seconds
Minimization using L-BFGS-B successful (iterations:5)
CHI2 after optimization:  24.5533 
Fraction of effective frames:   0.9749 
Warm start
Optimizing 67 data and 400 samples. Theta=74.628141 
CHI2 before optimization:  24.6701 
Execution time: 0.00 seconds
Minimization using L-BFGS-B successful (iterations:5)
CHI2 after optimization:  24.5540 
Fraction of effective frames:   0.9752 
Warm start
Optimizing 67 data and 400 samples. Theta=75.125628 
CHI2 before optimization:  24.6701 
Execution time: 0.00 seconds
Minimization using L-BFGS-B successful (iterations:5)
CHI2 after optimization:  24.5547 
Fraction of effective frames:   0.9755 
Warm start
Optimizing 67 data and 400 samples. Theta=75.623116 
CHI2 before optimization:  24.6701 
Execution time: 0.00 seconds
Minimization using L-BFGS-B successful (iterations:5)
CHI2 after optimization:  24.5554 
Fraction of effective frames:   0.9758 
Warm start
Optimizing 67 data and 400 samples. Theta=76.120603 
CHI2 before optimization:  24.6701 
Execution time: 0.00 seconds
Minimization using L-BFGS-B successful (iterations:5)
CHI2 after optimization:  24.5560 
Fraction of effective frames:   0.9761 
Warm start
Optimizing 67 data and 400 samples. Theta=76.618090 
CHI2 before optimization:  24.6701 
Execution time: 0.00 seconds
Minimization using L-BFGS-B successful (iterations:5)
CHI2 after optimization:  24.5567 
Fraction of effective frames:   0.9763 
Warm start
Optimizing 67 data and 400 samples. Theta=77.115578 
CHI2 before optimization:  24.6701 
Execution time: 0.00 seconds
Minimization using L-BFGS-B successful (iterations:5)
CHI2 after optimization:  24.5574 
Fraction of effective frames:   0.9766 
Warm start
Optimizing 67 data and 400 samples. Theta=77.613065 
CHI2 before optimization:  24.6701 
Execution time: 0.00 seconds
Minimization using L-BFGS-B successful (iterations:5)
CHI2 after optimization:  24.5580 
Fraction of effective frames:   0.9769 
Warm start
Optimizing 67 data and 400 samples. Theta=78.110553 
CHI2 before optimization:  24.6701 
Execution time: 0.00 seconds
Minimization using L-BFGS-B successful (iterations:5)
CHI2 after optimization:  24.5587 
Fraction of effective frames:   0.9772 
Warm start
Optimizing 67 data and 400 samples. Theta=78.608040 
CHI2 before optimization:  24.6701 
Execution time: 0.00 seconds
Minimization using L-BFGS-B successful (iterations:5)
CHI2 after optimization:  24.5593 
Fraction of effective frames:   0.9774 
Warm start
Optimizing 67 data and 400 samples. Theta=79.105528 
CHI2 before optimization:  24.6701 
Execution time: 0.00 seconds
Minimization using L-BFGS-B successful (iterations:5)
CHI2 after optimization:  24.5599 
Fraction of effective frames:   0.9777 
Warm start
Optimizing 67 data and 400 samples. Theta=79.603015 
CHI2 before optimization:  24.6701 
Execution time: 0.00 seconds
Minimization using L-BFGS-B successful (iterations:5)
CHI2 after optimization:  24.5605 
Fraction of effective frames:   0.9780 
Warm start
Optimizing 67 data and 400 samples. Theta=80.100503 
CHI2 before optimization:  24.6701 
Execution time: 0.00 seconds
Minimization using L-BFGS-B successful (iterations:5)
CHI2 after optimization:  24.5612 
Fraction of effective frames:   0.9782 
Warm start
Optimizing 67 data and 400 samples. Theta=80.597990 
CHI2 before optimization:  24.6701 
Execution time: 0.00 seconds
Minimization using L-BFGS-B successful (iterations:5)
CHI2 after optimization:  24.5618 
Fraction of effective frames:   0.9785 
Warm start
Optimizing 67 data and 400 samples. Theta=81.095477 
CHI2 before optimization:  24.6701 
Execution time: 0.00 seconds
Minimization using L-BFGS-B successful (iterations:5)
CHI2 after optimization:  24.5624 
Fraction of effective frames:   0.9787 
Warm start
Optimizing 67 data and 400 samples. Theta=81.592965 
CHI2 before optimization:  24.6701 
Execution time: 0.00 seconds
Minimization using L-BFGS-B successful (iterations:5)
CHI2 after optimization:  24.5630 
Fraction of effective frames:   0.9789 
Warm start
Optimizing 67 data and 400 samples. Theta=82.090452 
CHI2 before optimization:  24.6701 
Execution time: 0.00 seconds
Minimization using L-BFGS-B successful (iterations:5)
CHI2 after optimization:  24.5636 
Fraction of effective frames:   0.9792 
Warm start
Optimizing 67 data and 400 samples. Theta=82.587940 
CHI2 before optimization:  24.6701 
Execution time: 0.00 seconds
Minimization using L-BFGS-B successful (iterations:5)
CHI2 after optimization:  24.5641 
Fraction of effective frames:   0.9794 
Warm start
Optimizing 67 data and 400 samples. Theta=83.085427 
CHI2 before optimization:  24.6701 
Execution time: 0.00 seconds
Minimization using L-BFGS-B successful (iterations:5)
CHI2 after optimization:  24.5647 
Fraction of effective frames:   0.9796 
Warm start
Optimizing 67 data and 400 samples. Theta=83.582915 
CHI2 before optimization:  24.6701 
Execution time: 0.00 seconds
Minimization using L-BFGS-B successful (iterations:5)
CHI2 after optimization:  24.5653 
Fraction of effective frames:   0.9799 
Warm start
Optimizing 67 data and 400 samples. Theta=84.080402 
CHI2 before optimization:  24.6701 
Execution time: 0.00 seconds
Minimization using L-BFGS-B successful (iterations:5)
CHI2 after optimization:  24.5658 
Fraction of effective frames:   0.9801 
Warm start
Optimizing 67 data and 400 samples. Theta=84.577889 
CHI2 before optimization:  24.6701 
Execution time: 0.00 seconds
Minimization using L-BFGS-B successful (iterations:5)
CHI2 after optimization:  24.5664 
Fraction of effective frames:   0.9803 
Warm start
Optimizing 67 data and 400 samples. Theta=85.075377 
CHI2 before optimization:  24.6701 
Execution time: 0.00 seconds
Minimization using L-BFGS-B successful (iterations:5)
CHI2 after optimization:  24.5670 
Fraction of effective frames:   0.9805 
Warm start
Optimizing 67 data and 400 samples. Theta=85.572864 
CHI2 before optimization:  24.6701 
Execution time: 0.00 seconds
Minimization using L-BFGS-B successful (iterations:5)
CHI2 after optimization:  24.5675 
Fraction of effective frames:   0.9807 
Warm start
Optimizing 67 data and 400 samples. Theta=86.070352 
CHI2 before optimization:  24.6701 
Execution time: 0.00 seconds
Minimization using L-BFGS-B successful (iterations:5)
CHI2 after optimization:  24.5680 
Fraction of effective frames:   0.9809 
Warm start
Optimizing 67 data and 400 samples. Theta=86.567839 
CHI2 before optimization:  24.6701 
Execution time: 0.00 seconds
Minimization using L-BFGS-B successful (iterations:5)
CHI2 after optimization:  24.5686 
Fraction of effective frames:   0.9811 
Warm start
Optimizing 67 data and 400 samples. Theta=87.065327 
CHI2 before optimization:  24.6701 
Execution time: 0.00 seconds
Minimization using L-BFGS-B successful (iterations:5)
CHI2 after optimization:  24.5691 
Fraction of effective frames:   0.9813 
Warm start
Optimizing 67 data and 400 samples. Theta=87.562814 
CHI2 before optimization:  24.6701 
Execution time: 0.00 seconds
Minimization using L-BFGS-B successful (iterations:4)
CHI2 after optimization:  24.5696 
Fraction of effective frames:   0.9815 
Warm start
Optimizing 67 data and 400 samples. Theta=88.060302 
CHI2 before optimization:  24.6701 
Execution time: 0.00 seconds
Minimization using L-BFGS-B successful (iterations:5)
CHI2 after optimization:  24.5701 
Fraction of effective frames:   0.9817 
Warm start
Optimizing 67 data and 400 samples. Theta=88.557789 
CHI2 before optimization:  24.6701 
Execution time: 0.00 seconds
Minimization using L-BFGS-B successful (iterations:4)
CHI2 after optimization:  24.5706 
Fraction of effective frames:   0.9819 
Warm start
Optimizing 67 data and 400 samples. Theta=89.055276 
CHI2 before optimization:  24.6701 
Execution time: 0.00 seconds
Minimization using L-BFGS-B successful (iterations:5)
CHI2 after optimization:  24.5712 
Fraction of effective frames:   0.9821 
Warm start
Optimizing 67 data and 400 samples. Theta=89.552764 
CHI2 before optimization:  24.6701 
Execution time: 0.00 seconds
Minimization using L-BFGS-B successful (iterations:4)
CHI2 after optimization:  24.5716 
Fraction of effective frames:   0.9823 
Warm start
Optimizing 67 data and 400 samples. Theta=90.050251 
CHI2 before optimization:  24.6701 
Execution time: 0.00 seconds
Minimization using L-BFGS-B successful (iterations:4)
CHI2 after optimization:  24.5721 
Fraction of effective frames:   0.9825 
Warm start
Optimizing 67 data and 400 samples. Theta=90.547739 
CHI2 before optimization:  24.6701 
Execution time: 0.00 seconds
Minimization using L-BFGS-B successful (iterations:4)
CHI2 after optimization:  24.5726 
Fraction of effective frames:   0.9826 
Warm start
Optimizing 67 data and 400 samples. Theta=91.045226 
CHI2 before optimization:  24.6701 
Execution time: 0.00 seconds
Minimization using L-BFGS-B successful (iterations:4)
CHI2 after optimization:  24.5731 
Fraction of effective frames:   0.9828 
Warm start
Optimizing 67 data and 400 samples. Theta=91.542714 
CHI2 before optimization:  24.6701 
Execution time: 0.00 seconds
Minimization using L-BFGS-B successful (iterations:4)
CHI2 after optimization:  24.5736 
Fraction of effective frames:   0.9830 
Warm start
Optimizing 67 data and 400 samples. Theta=92.040201 
CHI2 before optimization:  24.6701 
Execution time: 0.00 seconds
Minimization using L-BFGS-B successful (iterations:4)
CHI2 after optimization:  24.5741 
Fraction of effective frames:   0.9832 
Warm start
Optimizing 67 data and 400 samples. Theta=92.537688 
CHI2 before optimization:  24.6701 
Execution time: 0.00 seconds
Minimization using L-BFGS-B successful (iterations:4)
CHI2 after optimization:  24.5746 
Fraction of effective frames:   0.9833 
Warm start
Optimizing 67 data and 400 samples. Theta=93.035176 
CHI2 before optimization:  24.6701 
Execution time: 0.00 seconds
Minimization using L-BFGS-B successful (iterations:4)
CHI2 after optimization:  24.5750 
Fraction of effective frames:   0.9835 
Warm start
Optimizing 67 data and 400 samples. Theta=93.532663 
CHI2 before optimization:  24.6701 
Execution time: 0.00 seconds
Minimization using L-BFGS-B successful (iterations:4)
CHI2 after optimization:  24.5755 
Fraction of effective frames:   0.9837 
Warm start
Optimizing 67 data and 400 samples. Theta=94.030151 
CHI2 before optimization:  24.6701 
Execution time: 0.00 seconds
Minimization using L-BFGS-B successful (iterations:4)
CHI2 after optimization:  24.5759 
Fraction of effective frames:   0.9838 
Warm start
Optimizing 67 data and 400 samples. Theta=94.527638 
CHI2 before optimization:  24.6701 
Execution time: 0.00 seconds
Minimization using L-BFGS-B successful (iterations:4)
CHI2 after optimization:  24.5764 
Fraction of effective frames:   0.9840 
Warm start
Optimizing 67 data and 400 samples. Theta=95.025126 
CHI2 before optimization:  24.6701 
Execution time: 0.00 seconds
Minimization using L-BFGS-B successful (iterations:4)
CHI2 after optimization:  24.5769 
Fraction of effective frames:   0.9841 
Warm start
Optimizing 67 data and 400 samples. Theta=95.522613 
CHI2 before optimization:  24.6701 
Execution time: 0.00 seconds
Minimization using L-BFGS-B successful (iterations:4)
CHI2 after optimization:  24.5773 
Fraction of effective frames:   0.9843 
Warm start
Optimizing 67 data and 400 samples. Theta=96.020101 
CHI2 before optimization:  24.6701 
Execution time: 0.00 seconds
Minimization using L-BFGS-B successful (iterations:4)
CHI2 after optimization:  24.5777 
Fraction of effective frames:   0.9844 
Warm start
Optimizing 67 data and 400 samples. Theta=96.517588 
CHI2 before optimization:  24.6701 
Execution time: 0.00 seconds
Minimization using L-BFGS-B successful (iterations:4)
CHI2 after optimization:  24.5782 
Fraction of effective frames:   0.9846 
Warm start
Optimizing 67 data and 400 samples. Theta=97.015075 
CHI2 before optimization:  24.6701 
Execution time: 0.00 seconds
Minimization using L-BFGS-B successful (iterations:4)
CHI2 after optimization:  24.5786 
Fraction of effective frames:   0.9847 
Warm start
Optimizing 67 data and 400 samples. Theta=97.512563 
CHI2 before optimization:  24.6701 
Execution time: 0.00 seconds
Minimization using L-BFGS-B successful (iterations:4)
CHI2 after optimization:  24.5790 
Fraction of effective frames:   0.9849 
Warm start
Optimizing 67 data and 400 samples. Theta=98.010050 
CHI2 before optimization:  24.6701 
Execution time: 0.00 seconds
Minimization using L-BFGS-B successful (iterations:4)
CHI2 after optimization:  24.5795 
Fraction of effective frames:   0.9850 
Warm start
Optimizing 67 data and 400 samples. Theta=98.507538 
CHI2 before optimization:  24.6701 
Execution time: 0.00 seconds
Minimization using L-BFGS-B successful (iterations:4)
CHI2 after optimization:  24.5799 
Fraction of effective frames:   0.9852 
Warm start
Optimizing 67 data and 400 samples. Theta=99.005025 
CHI2 before optimization:  24.6701 
Execution time: 0.00 seconds
Minimization using L-BFGS-B successful (iterations:4)
CHI2 after optimization:  24.5803 
Fraction of effective frames:   0.9853 
Warm start
Optimizing 67 data and 400 samples. Theta=99.502513 
CHI2 before optimization:  24.6701 
Execution time: 0.00 seconds
Minimization using L-BFGS-B successful (iterations:4)
CHI2 after optimization:  24.5807 
Fraction of effective frames:   0.9855 
Warm start
Optimizing 67 data and 400 samples. Theta=100.000000 
CHI2 before optimization:  24.6701 
Execution time: 0.00 seconds
Minimization using L-BFGS-B successful (iterations:4)
CHI2 after optimization:  24.5811 
Fraction of effective frames:   0.9856 
